{"C:\\Users\\JihenHasnaoui\\Desktop\\tekup-5\\Django\\projet\\Frontend\\TalentVision_front\\postcss.config.js": {"path":"C:\\Users\\JihenHasnaoui\\Desktop\\tekup-5\\Django\\projet\\Frontend\\TalentVision_front\\postcss.config.js","all":true,"statementMap":{"0":{"start":{"line":1,"column":0},"end":{"line":1,"column":16}},"1":{"start":{"line":2,"column":0},"end":{"line":2,"column":12}},"2":{"start":{"line":3,"column":0},"end":{"line":3,"column":20}},"3":{"start":{"line":4,"column":0},"end":{"line":4,"column":21}},"4":{"start":{"line":5,"column":0},"end":{"line":5,"column":4}},"5":{"start":{"line":6,"column":0},"end":{"line":6,"column":1}}},"s":{"0":0,"1":0,"2":0,"3":0,"4":0,"5":0},"branchMap":{"0":{"type":"branch","line":1,"loc":{"start":{"line":1,"column":0},"end":{"line":6,"column":-69}},"locations":[{"start":{"line":1,"column":0},"end":{"line":6,"column":-69}}]}},"b":{"0":[0]},"fnMap":{"0":{"name":"(empty-report)","decl":{"start":{"line":1,"column":0},"end":{"line":6,"column":-69}},"loc":{"start":{"line":1,"column":0},"end":{"line":6,"column":-69}},"line":1}},"f":{"0":0}}
,"C:\\Users\\JihenHasnaoui\\Desktop\\tekup-5\\Django\\projet\\Frontend\\TalentVision_front\\tailwind.config.js": {"path":"C:\\Users\\JihenHasnaoui\\Desktop\\tekup-5\\Django\\projet\\Frontend\\TalentVision_front\\tailwind.config.js","all":true,"statementMap":{"0":{"start":{"line":1,"column":0},"end":{"line":1,"column":43}},"1":{"start":{"line":2,"column":0},"end":{"line":2,"column":16}},"2":{"start":{"line":3,"column":0},"end":{"line":3,"column":12}},"3":{"start":{"line":4,"column":0},"end":{"line":4,"column":19}},"4":{"start":{"line":5,"column":0},"end":{"line":5,"column":33}},"5":{"start":{"line":6,"column":0},"end":{"line":6,"column":4}},"6":{"start":{"line":7,"column":0},"end":{"line":7,"column":10}},"7":{"start":{"line":8,"column":0},"end":{"line":8,"column":15}},"8":{"start":{"line":9,"column":0},"end":{"line":9,"column":4}},"9":{"start":{"line":10,"column":0},"end":{"line":10,"column":14}},"10":{"start":{"line":11,"column":0},"end":{"line":11,"column":1}}},"s":{"0":0,"1":0,"2":0,"3":0,"4":0,"5":0,"6":0,"7":0,"8":0,"9":0,"10":0},"branchMap":{"0":{"type":"branch","line":1,"loc":{"start":{"line":1,"column":0},"end":{"line":11,"column":-151}},"locations":[{"start":{"line":1,"column":0},"end":{"line":11,"column":-151}}]}},"b":{"0":[0]},"fnMap":{"0":{"name":"(empty-report)","decl":{"start":{"line":1,"column":0},"end":{"line":11,"column":-151}},"loc":{"start":{"line":1,"column":0},"end":{"line":11,"column":-151}},"line":1}},"f":{"0":0}}
,"C:\\Users\\JihenHasnaoui\\Desktop\\tekup-5\\Django\\projet\\Frontend\\TalentVision_front\\src\\App.tsx": {"path":"C:\\Users\\JihenHasnaoui\\Desktop\\tekup-5\\Django\\projet\\Frontend\\TalentVision_front\\src\\App.tsx","all":false,"statementMap":{"0":{"start":{"line":1,"column":0},"end":{"line":1,"column":74}},"1":{"start":{"line":2,"column":0},"end":{"line":2,"column":73}},"2":{"start":{"line":3,"column":0},"end":{"line":3,"column":41}},"3":{"start":{"line":4,"column":0},"end":{"line":4,"column":57}},"4":{"start":{"line":5,"column":0},"end":{"line":5,"column":41}},"5":{"start":{"line":6,"column":0},"end":{"line":6,"column":34}},"6":{"start":{"line":7,"column":0},"end":{"line":7,"column":40}},"7":{"start":{"line":8,"column":0},"end":{"line":8,"column":42}},"8":{"start":{"line":9,"column":0},"end":{"line":9,"column":40}},"9":{"start":{"line":10,"column":0},"end":{"line":10,"column":50}},"10":{"start":{"line":11,"column":0},"end":{"line":11,"column":50}},"11":{"start":{"line":12,"column":0},"end":{"line":12,"column":62}},"12":{"start":{"line":13,"column":0},"end":{"line":13,"column":60}},"13":{"start":{"line":14,"column":0},"end":{"line":14,"column":48}},"14":{"start":{"line":15,"column":0},"end":{"line":15,"column":58}},"15":{"start":{"line":16,"column":0},"end":{"line":16,"column":36}},"17":{"start":{"line":18,"column":0},"end":{"line":18,"column":38}},"19":{"start":{"line":20,"column":0},"end":{"line":20,"column":16}},"20":{"start":{"line":21,"column":0},"end":{"line":21,"column":10}},"21":{"start":{"line":22,"column":0},"end":{"line":22,"column":46}},"22":{"start":{"line":23,"column":0},"end":{"line":23,"column":21}},"23":{"start":{"line":24,"column":0},"end":{"line":24,"column":16}},"24":{"start":{"line":25,"column":0},"end":{"line":25,"column":16}},"25":{"start":{"line":26,"column":0},"end":{"line":26,"column":25}},"26":{"start":{"line":27,"column":0},"end":{"line":27,"column":21}},"27":{"start":{"line":28,"column":0},"end":{"line":28,"column":47}},"28":{"start":{"line":29,"column":0},"end":{"line":29,"column":52}},"30":{"start":{"line":31,"column":0},"end":{"line":31,"column":25}},"33":{"start":{"line":34,"column":0},"end":{"line":34,"column":12}},"34":{"start":{"line":35,"column":0},"end":{"line":35,"column":16}},"35":{"start":{"line":36,"column":0},"end":{"line":36,"column":28}},"36":{"start":{"line":37,"column":0},"end":{"line":37,"column":21}},"37":{"start":{"line":38,"column":0},"end":{"line":38,"column":47}},"38":{"start":{"line":39,"column":0},"end":{"line":39,"column":52}},"40":{"start":{"line":41,"column":0},"end":{"line":41,"column":28}},"43":{"start":{"line":44,"column":0},"end":{"line":44,"column":12}},"44":{"start":{"line":45,"column":0},"end":{"line":45,"column":16}},"45":{"start":{"line":46,"column":0},"end":{"line":46,"column":20}},"46":{"start":{"line":47,"column":0},"end":{"line":47,"column":21}},"47":{"start":{"line":48,"column":0},"end":{"line":48,"column":30}},"48":{"start":{"line":49,"column":0},"end":{"line":49,"column":24}},"49":{"start":{"line":50,"column":0},"end":{"line":50,"column":54}},"50":{"start":{"line":51,"column":0},"end":{"line":51,"column":25}},"51":{"start":{"line":52,"column":0},"end":{"line":52,"column":31}},"53":{"start":{"line":54,"column":0},"end":{"line":54,"column":12}},"54":{"start":{"line":55,"column":0},"end":{"line":55,"column":16}},"55":{"start":{"line":56,"column":0},"end":{"line":56,"column":29}},"56":{"start":{"line":57,"column":0},"end":{"line":57,"column":21}},"57":{"start":{"line":58,"column":0},"end":{"line":58,"column":30}},"58":{"start":{"line":59,"column":0},"end":{"line":59,"column":24}},"59":{"start":{"line":60,"column":0},"end":{"line":60,"column":31}},"60":{"start":{"line":61,"column":0},"end":{"line":61,"column":25}},"61":{"start":{"line":62,"column":0},"end":{"line":62,"column":31}},"63":{"start":{"line":64,"column":0},"end":{"line":64,"column":12}},"64":{"start":{"line":65,"column":0},"end":{"line":65,"column":16}},"65":{"start":{"line":66,"column":0},"end":{"line":66,"column":32}},"66":{"start":{"line":67,"column":0},"end":{"line":67,"column":21}},"67":{"start":{"line":68,"column":0},"end":{"line":68,"column":30}},"68":{"start":{"line":69,"column":0},"end":{"line":69,"column":24}},"69":{"start":{"line":70,"column":0},"end":{"line":70,"column":34}},"70":{"start":{"line":71,"column":0},"end":{"line":71,"column":25}},"71":{"start":{"line":72,"column":0},"end":{"line":72,"column":31}},"73":{"start":{"line":74,"column":0},"end":{"line":74,"column":12}},"74":{"start":{"line":75,"column":0},"end":{"line":75,"column":16}},"75":{"start":{"line":76,"column":0},"end":{"line":76,"column":36}},"76":{"start":{"line":77,"column":0},"end":{"line":77,"column":21}},"77":{"start":{"line":78,"column":0},"end":{"line":78,"column":30}},"78":{"start":{"line":79,"column":0},"end":{"line":79,"column":24}},"79":{"start":{"line":80,"column":0},"end":{"line":80,"column":39}},"80":{"start":{"line":81,"column":0},"end":{"line":81,"column":25}},"81":{"start":{"line":82,"column":0},"end":{"line":82,"column":31}},"83":{"start":{"line":84,"column":0},"end":{"line":84,"column":12}},"84":{"start":{"line":85,"column":0},"end":{"line":85,"column":16}},"85":{"start":{"line":86,"column":0},"end":{"line":86,"column":26}},"86":{"start":{"line":87,"column":0},"end":{"line":87,"column":21}},"87":{"start":{"line":88,"column":0},"end":{"line":88,"column":30}},"88":{"start":{"line":89,"column":0},"end":{"line":89,"column":24}},"89":{"start":{"line":90,"column":0},"end":{"line":90,"column":28}},"90":{"start":{"line":91,"column":0},"end":{"line":91,"column":25}},"91":{"start":{"line":92,"column":0},"end":{"line":92,"column":31}},"93":{"start":{"line":94,"column":0},"end":{"line":94,"column":12}},"94":{"start":{"line":95,"column":0},"end":{"line":95,"column":16}},"95":{"start":{"line":96,"column":0},"end":{"line":96,"column":29}},"96":{"start":{"line":97,"column":0},"end":{"line":97,"column":21}},"97":{"start":{"line":98,"column":0},"end":{"line":98,"column":30}},"98":{"start":{"line":99,"column":0},"end":{"line":99,"column":24}},"99":{"start":{"line":100,"column":0},"end":{"line":100,"column":30}},"100":{"start":{"line":101,"column":0},"end":{"line":101,"column":25}},"101":{"start":{"line":102,"column":0},"end":{"line":102,"column":31}},"103":{"start":{"line":104,"column":0},"end":{"line":104,"column":12}},"104":{"start":{"line":105,"column":0},"end":{"line":105,"column":16}},"105":{"start":{"line":106,"column":0},"end":{"line":106,"column":33}},"106":{"start":{"line":107,"column":0},"end":{"line":107,"column":21}},"107":{"start":{"line":108,"column":0},"end":{"line":108,"column":30}},"108":{"start":{"line":109,"column":0},"end":{"line":109,"column":24}},"109":{"start":{"line":110,"column":0},"end":{"line":110,"column":35}},"110":{"start":{"line":111,"column":0},"end":{"line":111,"column":25}},"111":{"start":{"line":112,"column":0},"end":{"line":112,"column":31}},"113":{"start":{"line":114,"column":0},"end":{"line":114,"column":12}},"114":{"start":{"line":115,"column":0},"end":{"line":115,"column":16}},"115":{"start":{"line":116,"column":0},"end":{"line":116,"column":46}},"116":{"start":{"line":117,"column":0},"end":{"line":117,"column":21}},"117":{"start":{"line":118,"column":0},"end":{"line":118,"column":30}},"118":{"start":{"line":119,"column":0},"end":{"line":119,"column":24}},"119":{"start":{"line":120,"column":0},"end":{"line":120,"column":40}},"120":{"start":{"line":121,"column":0},"end":{"line":121,"column":25}},"121":{"start":{"line":122,"column":0},"end":{"line":122,"column":31}},"123":{"start":{"line":124,"column":0},"end":{"line":124,"column":12}},"124":{"start":{"line":125,"column":0},"end":{"line":125,"column":16}},"125":{"start":{"line":126,"column":0},"end":{"line":126,"column":46}},"126":{"start":{"line":127,"column":0},"end":{"line":127,"column":21}},"127":{"start":{"line":128,"column":0},"end":{"line":128,"column":30}},"128":{"start":{"line":129,"column":0},"end":{"line":129,"column":24}},"129":{"start":{"line":130,"column":0},"end":{"line":130,"column":41}},"130":{"start":{"line":131,"column":0},"end":{"line":131,"column":25}},"131":{"start":{"line":132,"column":0},"end":{"line":132,"column":31}},"133":{"start":{"line":134,"column":0},"end":{"line":134,"column":12}},"134":{"start":{"line":135,"column":0},"end":{"line":135,"column":16}},"135":{"start":{"line":136,"column":0},"end":{"line":136,"column":33}},"136":{"start":{"line":137,"column":0},"end":{"line":137,"column":21}},"137":{"start":{"line":138,"column":0},"end":{"line":138,"column":30}},"138":{"start":{"line":139,"column":0},"end":{"line":139,"column":24}},"139":{"start":{"line":140,"column":0},"end":{"line":140,"column":35}},"140":{"start":{"line":141,"column":0},"end":{"line":141,"column":25}},"141":{"start":{"line":142,"column":0},"end":{"line":142,"column":31}},"143":{"start":{"line":144,"column":0},"end":{"line":144,"column":12}},"144":{"start":{"line":145,"column":0},"end":{"line":145,"column":17}},"145":{"start":{"line":146,"column":0},"end":{"line":146,"column":22}},"146":{"start":{"line":147,"column":0},"end":{"line":147,"column":26}},"148":{"start":{"line":149,"column":0},"end":{"line":149,"column":1}},"150":{"start":{"line":151,"column":0},"end":{"line":151,"column":19}}},"s":{"0":0,"1":1,"2":1,"3":1,"4":1,"5":1,"6":1,"7":1,"8":1,"9":1,"10":1,"11":1,"12":1,"13":1,"14":1,"15":1,"17":1,"19":6,"20":6,"21":6,"22":6,"23":6,"24":6,"25":6,"26":6,"27":6,"28":2,"30":4,"33":6,"34":6,"35":6,"36":6,"37":6,"38":2,"40":4,"43":6,"44":6,"45":6,"46":6,"47":6,"48":6,"49":6,"50":6,"51":6,"53":6,"54":6,"55":6,"56":6,"57":6,"58":6,"59":6,"60":6,"61":6,"63":6,"64":6,"65":6,"66":6,"67":6,"68":6,"69":6,"70":6,"71":6,"73":6,"74":6,"75":6,"76":6,"77":6,"78":6,"79":6,"80":6,"81":6,"83":6,"84":6,"85":6,"86":6,"87":6,"88":6,"89":6,"90":6,"91":6,"93":6,"94":6,"95":6,"96":6,"97":6,"98":6,"99":6,"100":6,"101":6,"103":6,"104":6,"105":6,"106":6,"107":6,"108":6,"109":6,"110":6,"111":6,"113":6,"114":6,"115":6,"116":6,"117":6,"118":6,"119":6,"120":6,"121":6,"123":6,"124":6,"125":6,"126":6,"127":6,"128":6,"129":6,"130":6,"131":6,"133":6,"134":6,"135":6,"136":6,"137":6,"138":6,"139":6,"140":6,"141":6,"143":6,"144":6,"145":6,"146":6,"148":6,"150":1},"branchMap":{"0":{"type":"branch","line":1,"loc":{"start":{"line":1,"column":0},"end":{"line":1,"column":74}},"locations":[{"start":{"line":1,"column":0},"end":{"line":1,"column":74}}]},"1":{"type":"branch","line":1,"loc":{"start":{"line":1,"column":0},"end":{"line":1,"column":74}},"locations":[{"start":{"line":1,"column":0},"end":{"line":1,"column":74}}]},"2":{"type":"branch","line":20,"loc":{"start":{"line":20,"column":0},"end":{"line":149,"column":1}},"locations":[{"start":{"line":20,"column":0},"end":{"line":149,"column":1}}]},"3":{"type":"branch","line":28,"loc":{"start":{"line":28,"column":42},"end":{"line":29,"column":52}},"locations":[{"start":{"line":28,"column":42},"end":{"line":29,"column":52}}]},"4":{"type":"branch","line":29,"loc":{"start":{"line":29,"column":50},"end":{"line":31,"column":25}},"locations":[{"start":{"line":29,"column":50},"end":{"line":31,"column":25}}]},"5":{"type":"branch","line":38,"loc":{"start":{"line":38,"column":42},"end":{"line":39,"column":52}},"locations":[{"start":{"line":38,"column":42},"end":{"line":39,"column":52}}]},"6":{"type":"branch","line":39,"loc":{"start":{"line":39,"column":50},"end":{"line":41,"column":28}},"locations":[{"start":{"line":39,"column":50},"end":{"line":41,"column":28}}]}},"b":{"0":[6],"1":[0],"2":[6],"3":[2],"4":[4],"5":[2],"6":[4]},"fnMap":{"0":{"name":"get","decl":{"start":{"line":1,"column":0},"end":{"line":1,"column":74}},"loc":{"start":{"line":1,"column":0},"end":{"line":1,"column":74}},"line":1},"1":{"name":"App","decl":{"start":{"line":20,"column":0},"end":{"line":149,"column":1}},"loc":{"start":{"line":20,"column":0},"end":{"line":149,"column":1}},"line":20}},"f":{"0":6,"1":6}}
,"C:\\Users\\JihenHasnaoui\\Desktop\\tekup-5\\Django\\projet\\Frontend\\TalentVision_front\\src\\main.tsx": {"path":"C:\\Users\\JihenHasnaoui\\Desktop\\tekup-5\\Django\\projet\\Frontend\\TalentVision_front\\src\\main.tsx","all":true,"statementMap":{"0":{"start":{"line":1,"column":0},"end":{"line":1,"column":34}},"1":{"start":{"line":2,"column":0},"end":{"line":2,"column":45}},"2":{"start":{"line":3,"column":0},"end":{"line":3,"column":20}},"3":{"start":{"line":4,"column":0},"end":{"line":4,"column":27}},"5":{"start":{"line":6,"column":0},"end":{"line":6,"column":52}},"6":{"start":{"line":7,"column":0},"end":{"line":7,"column":14}},"7":{"start":{"line":8,"column":0},"end":{"line":8,"column":11}},"8":{"start":{"line":9,"column":0},"end":{"line":9,"column":16}},"9":{"start":{"line":10,"column":0},"end":{"line":10,"column":1}}},"s":{"0":0,"1":0,"2":0,"3":0,"5":0,"6":0,"7":0,"8":0,"9":0},"branchMap":{"0":{"type":"branch","line":1,"loc":{"start":{"line":1,"column":203},"end":{"line":10,"column":-194}},"locations":[{"start":{"line":1,"column":203},"end":{"line":10,"column":-194}}]}},"b":{"0":[0]},"fnMap":{"0":{"name":"(empty-report)","decl":{"start":{"line":1,"column":203},"end":{"line":10,"column":-194}},"loc":{"start":{"line":1,"column":203},"end":{"line":10,"column":-194}},"line":1}},"f":{"0":0}}
,"C:\\Users\\JihenHasnaoui\\Desktop\\tekup-5\\Django\\projet\\Frontend\\TalentVision_front\\src\\components\\Layout.tsx": {"path":"C:\\Users\\JihenHasnaoui\\Desktop\\tekup-5\\Django\\projet\\Frontend\\TalentVision_front\\src\\components\\Layout.tsx","all":false,"statementMap":{"0":{"start":{"line":1,"column":0},"end":{"line":1,"column":53}},"1":{"start":{"line":2,"column":0},"end":{"line":2,"column":42}},"7":{"start":{"line":8,"column":0},"end":{"line":8,"column":59}},"8":{"start":{"line":9,"column":0},"end":{"line":9,"column":33}},"9":{"start":{"line":10,"column":0},"end":{"line":10,"column":44}},"11":{"start":{"line":12,"column":0},"end":{"line":12,"column":30}},"12":{"start":{"line":13,"column":0},"end":{"line":13,"column":25}},"13":{"start":{"line":14,"column":0},"end":{"line":14,"column":23}},"14":{"start":{"line":15,"column":0},"end":{"line":15,"column":4}},"16":{"start":{"line":17,"column":0},"end":{"line":17,"column":10}},"17":{"start":{"line":18,"column":0},"end":{"line":18,"column":45}},"18":{"start":{"line":19,"column":0},"end":{"line":19,"column":39}},"19":{"start":{"line":20,"column":0},"end":{"line":20,"column":64}},"20":{"start":{"line":21,"column":0},"end":{"line":21,"column":53}},"21":{"start":{"line":22,"column":0},"end":{"line":22,"column":34}},"22":{"start":{"line":23,"column":0},"end":{"line":23,"column":110}},"24":{"start":{"line":25,"column":0},"end":{"line":25,"column":21}},"25":{"start":{"line":26,"column":0},"end":{"line":26,"column":67}},"26":{"start":{"line":27,"column":0},"end":{"line":27,"column":21}},"27":{"start":{"line":28,"column":0},"end":{"line":28,"column":33}},"28":{"start":{"line":29,"column":0},"end":{"line":29,"column":127}},"29":{"start":{"line":30,"column":0},"end":{"line":30,"column":17}},"31":{"start":{"line":32,"column":0},"end":{"line":32,"column":23}},"32":{"start":{"line":33,"column":0},"end":{"line":33,"column":21}},"33":{"start":{"line":34,"column":0},"end":{"line":34,"column":33}},"34":{"start":{"line":35,"column":0},"end":{"line":35,"column":170}},"35":{"start":{"line":36,"column":0},"end":{"line":36,"column":17}},"37":{"start":{"line":38,"column":0},"end":{"line":38,"column":23}},"38":{"start":{"line":39,"column":0},"end":{"line":39,"column":48}},"39":{"start":{"line":40,"column":0},"end":{"line":40,"column":23}},"40":{"start":{"line":41,"column":0},"end":{"line":41,"column":38}},"41":{"start":{"line":42,"column":0},"end":{"line":42,"column":172}},"42":{"start":{"line":43,"column":0},"end":{"line":43,"column":19}},"44":{"start":{"line":45,"column":0},"end":{"line":45,"column":25}},"46":{"start":{"line":47,"column":0},"end":{"line":47,"column":71}},"47":{"start":{"line":48,"column":0},"end":{"line":48,"column":20}},"48":{"start":{"line":49,"column":0},"end":{"line":49,"column":25}},"49":{"start":{"line":50,"column":0},"end":{"line":50,"column":40}},"50":{"start":{"line":51,"column":0},"end":{"line":51,"column":174}},"51":{"start":{"line":52,"column":0},"end":{"line":52,"column":21}},"53":{"start":{"line":54,"column":0},"end":{"line":54,"column":27}},"54":{"start":{"line":55,"column":0},"end":{"line":55,"column":25}},"55":{"start":{"line":56,"column":0},"end":{"line":56,"column":34}},"56":{"start":{"line":57,"column":0},"end":{"line":57,"column":174}},"57":{"start":{"line":58,"column":0},"end":{"line":58,"column":21}},"59":{"start":{"line":60,"column":0},"end":{"line":60,"column":27}},"60":{"start":{"line":61,"column":0},"end":{"line":61,"column":21}},"62":{"start":{"line":63,"column":0},"end":{"line":63,"column":20}},"63":{"start":{"line":64,"column":0},"end":{"line":64,"column":18}},"64":{"start":{"line":65,"column":0},"end":{"line":65,"column":47}},"65":{"start":{"line":66,"column":0},"end":{"line":66,"column":59}},"66":{"start":{"line":67,"column":0},"end":{"line":67,"column":67}},"67":{"start":{"line":68,"column":0},"end":{"line":68,"column":21}},"68":{"start":{"line":69,"column":0},"end":{"line":69,"column":21}},"69":{"start":{"line":70,"column":0},"end":{"line":70,"column":38}},"70":{"start":{"line":71,"column":0},"end":{"line":71,"column":101}},"71":{"start":{"line":72,"column":0},"end":{"line":72,"column":15}},"73":{"start":{"line":74,"column":0},"end":{"line":74,"column":23}},"74":{"start":{"line":75,"column":0},"end":{"line":75,"column":18}},"75":{"start":{"line":76,"column":0},"end":{"line":76,"column":16}},"76":{"start":{"line":77,"column":0},"end":{"line":77,"column":14}},"77":{"start":{"line":78,"column":0},"end":{"line":78,"column":12}},"78":{"start":{"line":79,"column":0},"end":{"line":79,"column":29}},"79":{"start":{"line":80,"column":0},"end":{"line":80,"column":10}},"81":{"start":{"line":82,"column":0},"end":{"line":82,"column":1}}},"s":{"0":0,"1":1,"7":11,"8":11,"9":11,"11":11,"12":1,"13":1,"14":1,"16":11,"17":11,"18":11,"19":11,"20":11,"21":11,"22":11,"24":11,"25":11,"26":11,"27":11,"28":11,"29":11,"31":11,"32":11,"33":11,"34":11,"35":11,"37":11,"38":11,"39":9,"40":9,"41":9,"42":9,"44":9,"46":11,"47":2,"48":2,"49":2,"50":2,"51":2,"53":2,"54":2,"55":2,"56":2,"57":2,"59":2,"60":2,"62":11,"63":11,"64":11,"65":11,"66":11,"67":11,"68":11,"69":11,"70":11,"71":11,"73":11,"74":11,"75":11,"76":11,"77":11,"78":11,"79":11,"81":11},"branchMap":{"0":{"type":"branch","line":1,"loc":{"start":{"line":1,"column":0},"end":{"line":1,"column":53}},"locations":[{"start":{"line":1,"column":0},"end":{"line":1,"column":53}}]},"1":{"type":"branch","line":1,"loc":{"start":{"line":1,"column":0},"end":{"line":1,"column":53}},"locations":[{"start":{"line":1,"column":0},"end":{"line":1,"column":53}}]},"2":{"type":"branch","line":8,"loc":{"start":{"line":8,"column":0},"end":{"line":82,"column":1}},"locations":[{"start":{"line":8,"column":0},"end":{"line":82,"column":1}}]},"3":{"type":"branch","line":39,"loc":{"start":{"line":39,"column":32},"end":{"line":45,"column":25}},"locations":[{"start":{"line":39,"column":32},"end":{"line":45,"column":25}}]},"4":{"type":"branch","line":47,"loc":{"start":{"line":47,"column":33},"end":{"line":47,"column":71}},"locations":[{"start":{"line":47,"column":33},"end":{"line":47,"column":71}}]},"5":{"type":"branch","line":47,"loc":{"start":{"line":47,"column":56},"end":{"line":61,"column":21}},"locations":[{"start":{"line":47,"column":56},"end":{"line":61,"column":21}}]},"6":{"type":"branch","line":12,"loc":{"start":{"line":12,"column":23},"end":{"line":15,"column":4}},"locations":[{"start":{"line":12,"column":23},"end":{"line":15,"column":4}}]}},"b":{"0":[67],"1":[0],"2":[11],"3":[9],"4":[10],"5":[2],"6":[1]},"fnMap":{"0":{"name":"get","decl":{"start":{"line":1,"column":0},"end":{"line":1,"column":53}},"loc":{"start":{"line":1,"column":0},"end":{"line":1,"column":53}},"line":1},"1":{"name":"Layout","decl":{"start":{"line":8,"column":0},"end":{"line":82,"column":1}},"loc":{"start":{"line":8,"column":0},"end":{"line":82,"column":1}},"line":8},"2":{"name":"handleLogout","decl":{"start":{"line":12,"column":23},"end":{"line":15,"column":4}},"loc":{"start":{"line":12,"column":23},"end":{"line":15,"column":4}},"line":12}},"f":{"0":67,"1":11,"2":1}}
,"C:\\Users\\JihenHasnaoui\\Desktop\\tekup-5\\Django\\projet\\Frontend\\TalentVision_front\\src\\components\\ProtectedRoute.tsx": {"path":"C:\\Users\\JihenHasnaoui\\Desktop\\tekup-5\\Django\\projet\\Frontend\\TalentVision_front\\src\\components\\ProtectedRoute.tsx","all":false,"statementMap":{"0":{"start":{"line":1,"column":0},"end":{"line":1,"column":44}},"1":{"start":{"line":2,"column":0},"end":{"line":2,"column":42}},"8":{"start":{"line":9,"column":0},"end":{"line":9,"column":89}},"9":{"start":{"line":10,"column":0},"end":{"line":10,"column":56}},"10":{"start":{"line":11,"column":0},"end":{"line":11,"column":44}},"12":{"start":{"line":13,"column":0},"end":{"line":13,"column":25}},"13":{"start":{"line":14,"column":0},"end":{"line":14,"column":44}},"14":{"start":{"line":15,"column":0},"end":{"line":15,"column":3}},"16":{"start":{"line":17,"column":0},"end":{"line":17,"column":66}},"17":{"start":{"line":18,"column":0},"end":{"line":18,"column":48}},"18":{"start":{"line":19,"column":0},"end":{"line":19,"column":3}},"20":{"start":{"line":21,"column":0},"end":{"line":21,"column":25}},"21":{"start":{"line":22,"column":0},"end":{"line":22,"column":1}}},"s":{"0":0,"1":1,"8":10,"9":10,"10":10,"12":10,"13":5,"14":5,"16":10,"17":0,"18":0,"20":5,"21":5},"branchMap":{"0":{"type":"branch","line":1,"loc":{"start":{"line":1,"column":0},"end":{"line":1,"column":44}},"locations":[{"start":{"line":1,"column":0},"end":{"line":1,"column":44}}]},"1":{"type":"branch","line":1,"loc":{"start":{"line":1,"column":0},"end":{"line":1,"column":44}},"locations":[{"start":{"line":1,"column":0},"end":{"line":1,"column":44}}]},"2":{"type":"branch","line":9,"loc":{"start":{"line":9,"column":0},"end":{"line":22,"column":1}},"locations":[{"start":{"line":9,"column":0},"end":{"line":22,"column":1}}]},"3":{"type":"branch","line":13,"loc":{"start":{"line":13,"column":24},"end":{"line":17,"column":22}},"locations":[{"start":{"line":13,"column":24},"end":{"line":17,"column":22}}]},"4":{"type":"branch","line":17,"loc":{"start":{"line":17,"column":6},"end":{"line":17,"column":30}},"locations":[{"start":{"line":17,"column":6},"end":{"line":17,"column":30}}]},"5":{"type":"branch","line":17,"loc":{"start":{"line":17,"column":22},"end":{"line":17,"column":65}},"locations":[{"start":{"line":17,"column":22},"end":{"line":17,"column":65}}]},"6":{"type":"branch","line":17,"loc":{"start":{"line":17,"column":65},"end":{"line":19,"column":3}},"locations":[{"start":{"line":17,"column":65},"end":{"line":19,"column":3}}]},"7":{"type":"branch","line":19,"loc":{"start":{"line":19,"column":2},"end":{"line":22,"column":1}},"locations":[{"start":{"line":19,"column":2},"end":{"line":22,"column":1}}]}},"b":{"0":[62],"1":[0],"2":[10],"3":[5],"4":[0],"5":[0],"6":[0],"7":[5]},"fnMap":{"0":{"name":"get","decl":{"start":{"line":1,"column":0},"end":{"line":1,"column":44}},"loc":{"start":{"line":1,"column":0},"end":{"line":1,"column":44}},"line":1},"1":{"name":"ProtectedRoute","decl":{"start":{"line":9,"column":0},"end":{"line":22,"column":1}},"loc":{"start":{"line":9,"column":0},"end":{"line":22,"column":1}},"line":9}},"f":{"0":62,"1":10}}
,"C:\\Users\\JihenHasnaoui\\Desktop\\tekup-5\\Django\\projet\\Frontend\\TalentVision_front\\src\\lib\\api.ts": {"path":"C:\\Users\\JihenHasnaoui\\Desktop\\tekup-5\\Django\\projet\\Frontend\\TalentVision_front\\src\\lib\\api.ts","all":false,"statementMap":{"0":{"start":{"line":1,"column":0},"end":{"line":1,"column":26}},"4":{"start":{"line":5,"column":0},"end":{"line":5,"column":114}},"6":{"start":{"line":7,"column":0},"end":{"line":7,"column":26}},"7":{"start":{"line":8,"column":0},"end":{"line":8,"column":24}},"8":{"start":{"line":9,"column":0},"end":{"line":9,"column":12}},"9":{"start":{"line":10,"column":0},"end":{"line":10,"column":39}},"10":{"start":{"line":11,"column":0},"end":{"line":11,"column":4}},"12":{"start":{"line":13,"column":0},"end":{"line":13,"column":25}},"13":{"start":{"line":14,"column":0},"end":{"line":14,"column":3}},"16":{"start":{"line":17,"column":0},"end":{"line":17,"column":29}},"17":{"start":{"line":18,"column":0},"end":{"line":18,"column":15}},"18":{"start":{"line":19,"column":0},"end":{"line":19,"column":55}},"19":{"start":{"line":20,"column":0},"end":{"line":20,"column":16}},"20":{"start":{"line":21,"column":0},"end":{"line":21,"column":55}},"21":{"start":{"line":22,"column":0},"end":{"line":22,"column":5}},"22":{"start":{"line":23,"column":0},"end":{"line":23,"column":18}},"23":{"start":{"line":24,"column":0},"end":{"line":24,"column":4}},"24":{"start":{"line":25,"column":0},"end":{"line":25,"column":14}},"25":{"start":{"line":26,"column":0},"end":{"line":26,"column":33}},"26":{"start":{"line":27,"column":0},"end":{"line":27,"column":3}},"27":{"start":{"line":28,"column":0},"end":{"line":28,"column":2}},"30":{"start":{"line":31,"column":0},"end":{"line":31,"column":30}},"31":{"start":{"line":32,"column":0},"end":{"line":32,"column":25}},"32":{"start":{"line":33,"column":0},"end":{"line":33,"column":20}},"33":{"start":{"line":34,"column":0},"end":{"line":34,"column":41}},"35":{"start":{"line":36,"column":0},"end":{"line":36,"column":65}},"36":{"start":{"line":37,"column":0},"end":{"line":37,"column":25}},"37":{"start":{"line":38,"column":0},"end":{"line":38,"column":13}},"38":{"start":{"line":39,"column":0},"end":{"line":39,"column":84}},"39":{"start":{"line":40,"column":0},"end":{"line":40,"column":34}},"40":{"start":{"line":41,"column":0},"end":{"line":41,"column":13}},"41":{"start":{"line":42,"column":0},"end":{"line":42,"column":43}},"42":{"start":{"line":43,"column":0},"end":{"line":43,"column":55}},"43":{"start":{"line":44,"column":0},"end":{"line":44,"column":66}},"44":{"start":{"line":45,"column":0},"end":{"line":45,"column":43}},"45":{"start":{"line":46,"column":0},"end":{"line":46,"column":32}},"47":{"start":{"line":48,"column":0},"end":{"line":48,"column":50}},"48":{"start":{"line":49,"column":0},"end":{"line":49,"column":51}},"49":{"start":{"line":50,"column":0},"end":{"line":50,"column":42}},"50":{"start":{"line":51,"column":0},"end":{"line":51,"column":42}},"51":{"start":{"line":52,"column":0},"end":{"line":52,"column":9}},"52":{"start":{"line":53,"column":0},"end":{"line":53,"column":7}},"53":{"start":{"line":54,"column":0},"end":{"line":54,"column":5}},"54":{"start":{"line":55,"column":0},"end":{"line":55,"column":33}},"55":{"start":{"line":56,"column":0},"end":{"line":56,"column":3}},"56":{"start":{"line":57,"column":0},"end":{"line":57,"column":2}},"58":{"start":{"line":59,"column":0},"end":{"line":59,"column":19}}},"s":{"0":0,"4":1,"6":1,"7":1,"8":1,"9":1,"10":1,"12":1,"13":1,"16":1,"17":1,"18":1,"19":1,"20":0,"21":0,"22":1,"23":1,"24":1,"25":0,"26":0,"27":1,"30":1,"31":1,"32":1,"33":1,"35":0,"36":0,"37":0,"38":0,"39":0,"40":0,"41":0,"42":0,"43":0,"44":0,"45":0,"47":0,"48":0,"49":0,"50":0,"51":0,"52":0,"53":0,"54":1,"55":1,"56":1,"58":1},"branchMap":{"0":{"type":"branch","line":5,"loc":{"start":{"line":5,"column":76},"end":{"line":5,"column":114}},"locations":[{"start":{"line":5,"column":76},"end":{"line":5,"column":114}}]},"1":{"type":"branch","line":1,"loc":{"start":{"line":1,"column":0},"end":{"line":1,"column":26}},"locations":[{"start":{"line":1,"column":0},"end":{"line":1,"column":26}}]},"2":{"type":"branch","line":1,"loc":{"start":{"line":1,"column":0},"end":{"line":1,"column":26}},"locations":[{"start":{"line":1,"column":0},"end":{"line":1,"column":26}}]},"3":{"type":"branch","line":18,"loc":{"start":{"line":18,"column":2},"end":{"line":24,"column":4}},"locations":[{"start":{"line":18,"column":2},"end":{"line":24,"column":4}}]},"4":{"type":"branch","line":20,"loc":{"start":{"line":20,"column":15},"end":{"line":22,"column":5}},"locations":[{"start":{"line":20,"column":15},"end":{"line":22,"column":5}}]},"5":{"type":"branch","line":33,"loc":{"start":{"line":33,"column":2},"end":{"line":56,"column":3}},"locations":[{"start":{"line":33,"column":2},"end":{"line":56,"column":3}}]},"6":{"type":"branch","line":34,"loc":{"start":{"line":34,"column":14},"end":{"line":34,"column":35}},"locations":[{"start":{"line":34,"column":14},"end":{"line":34,"column":35}}]},"7":{"type":"branch","line":34,"loc":{"start":{"line":34,"column":40},"end":{"line":54,"column":5}},"locations":[{"start":{"line":34,"column":40},"end":{"line":54,"column":5}}]}},"b":{"0":[0],"1":[4],"2":[0],"3":[1],"4":[0],"5":[1],"6":[0],"7":[0]},"fnMap":{"0":{"name":"get","decl":{"start":{"line":1,"column":0},"end":{"line":1,"column":26}},"loc":{"start":{"line":1,"column":0},"end":{"line":1,"column":26}},"line":1}},"f":{"0":4}}
,"C:\\Users\\JihenHasnaoui\\Desktop\\tekup-5\\Django\\projet\\Frontend\\TalentVision_front\\src\\lib\\auth.ts": {"path":"C:\\Users\\JihenHasnaoui\\Desktop\\tekup-5\\Django\\projet\\Frontend\\TalentVision_front\\src\\lib\\auth.ts","all":false,"statementMap":{"0":{"start":{"line":1,"column":0},"end":{"line":1,"column":24}},"30":{"start":{"line":31,"column":0},"end":{"line":31,"column":28}},"31":{"start":{"line":32,"column":0},"end":{"line":32,"column":46}},"32":{"start":{"line":33,"column":0},"end":{"line":33,"column":65}},"33":{"start":{"line":34,"column":0},"end":{"line":34,"column":43}},"34":{"start":{"line":35,"column":0},"end":{"line":35,"column":56}},"35":{"start":{"line":36,"column":0},"end":{"line":36,"column":58}},"36":{"start":{"line":37,"column":0},"end":{"line":37,"column":55}},"37":{"start":{"line":38,"column":0},"end":{"line":38,"column":28}},"38":{"start":{"line":39,"column":0},"end":{"line":39,"column":4}},"40":{"start":{"line":41,"column":0},"end":{"line":41,"column":38}},"41":{"start":{"line":42,"column":0},"end":{"line":42,"column":61}},"42":{"start":{"line":43,"column":0},"end":{"line":43,"column":43}},"43":{"start":{"line":44,"column":0},"end":{"line":44,"column":56}},"44":{"start":{"line":45,"column":0},"end":{"line":45,"column":58}},"45":{"start":{"line":46,"column":0},"end":{"line":46,"column":55}},"46":{"start":{"line":47,"column":0},"end":{"line":47,"column":28}},"47":{"start":{"line":48,"column":0},"end":{"line":48,"column":4}},"49":{"start":{"line":50,"column":0},"end":{"line":50,"column":12}},"50":{"start":{"line":51,"column":0},"end":{"line":51,"column":44}},"51":{"start":{"line":52,"column":0},"end":{"line":52,"column":45}},"52":{"start":{"line":53,"column":0},"end":{"line":53,"column":36}},"53":{"start":{"line":54,"column":0},"end":{"line":54,"column":4}},"55":{"start":{"line":56,"column":0},"end":{"line":56,"column":33}},"56":{"start":{"line":57,"column":0},"end":{"line":57,"column":49}},"57":{"start":{"line":58,"column":0},"end":{"line":58,"column":18}},"58":{"start":{"line":59,"column":0},"end":{"line":59,"column":33}},"59":{"start":{"line":60,"column":0},"end":{"line":60,"column":5}},"60":{"start":{"line":61,"column":0},"end":{"line":61,"column":16}},"61":{"start":{"line":62,"column":0},"end":{"line":62,"column":4}},"63":{"start":{"line":64,"column":0},"end":{"line":64,"column":30}},"64":{"start":{"line":65,"column":0},"end":{"line":65,"column":50}},"65":{"start":{"line":66,"column":0},"end":{"line":66,"column":4}},"66":{"start":{"line":67,"column":0},"end":{"line":67,"column":2}}},"s":{"0":0,"30":1,"31":1,"32":0,"33":0,"34":0,"35":0,"36":0,"37":0,"38":0,"40":1,"41":0,"42":0,"43":0,"44":0,"45":0,"46":0,"47":0,"49":1,"50":1,"51":1,"52":1,"53":1,"55":1,"56":3,"57":3,"58":1,"59":1,"60":2,"61":3,"63":1,"64":2,"65":2,"66":1},"branchMap":{"0":{"type":"branch","line":1,"loc":{"start":{"line":1,"column":0},"end":{"line":1,"column":24}},"locations":[{"start":{"line":1,"column":0},"end":{"line":1,"column":24}}]},"1":{"type":"branch","line":1,"loc":{"start":{"line":1,"column":0},"end":{"line":1,"column":24}},"locations":[{"start":{"line":1,"column":0},"end":{"line":1,"column":24}}]},"2":{"type":"branch","line":50,"loc":{"start":{"line":50,"column":2},"end":{"line":54,"column":4}},"locations":[{"start":{"line":50,"column":2},"end":{"line":54,"column":4}}]},"3":{"type":"branch","line":56,"loc":{"start":{"line":56,"column":2},"end":{"line":62,"column":4}},"locations":[{"start":{"line":56,"column":2},"end":{"line":62,"column":4}}]},"4":{"type":"branch","line":58,"loc":{"start":{"line":58,"column":17},"end":{"line":60,"column":5}},"locations":[{"start":{"line":58,"column":17},"end":{"line":60,"column":5}}]},"5":{"type":"branch","line":60,"loc":{"start":{"line":60,"column":4},"end":{"line":61,"column":16}},"locations":[{"start":{"line":60,"column":4},"end":{"line":61,"column":16}}]},"6":{"type":"branch","line":64,"loc":{"start":{"line":64,"column":2},"end":{"line":66,"column":4}},"locations":[{"start":{"line":64,"column":2},"end":{"line":66,"column":4}}]}},"b":{"0":[6],"1":[0],"2":[1],"3":[3],"4":[1],"5":[2],"6":[2]},"fnMap":{"0":{"name":"get","decl":{"start":{"line":1,"column":0},"end":{"line":1,"column":24}},"loc":{"start":{"line":1,"column":0},"end":{"line":1,"column":24}},"line":1},"1":{"name":"login","decl":{"start":{"line":32,"column":2},"end":{"line":39,"column":4}},"loc":{"start":{"line":32,"column":2},"end":{"line":39,"column":4}},"line":32},"2":{"name":"register","decl":{"start":{"line":41,"column":2},"end":{"line":48,"column":4}},"loc":{"start":{"line":41,"column":2},"end":{"line":48,"column":4}},"line":41},"3":{"name":"logout","decl":{"start":{"line":50,"column":2},"end":{"line":54,"column":4}},"loc":{"start":{"line":50,"column":2},"end":{"line":54,"column":4}},"line":50},"4":{"name":"getCurrentUser","decl":{"start":{"line":56,"column":2},"end":{"line":62,"column":4}},"loc":{"start":{"line":56,"column":2},"end":{"line":62,"column":4}},"line":56},"5":{"name":"isAuthenticated","decl":{"start":{"line":64,"column":2},"end":{"line":66,"column":4}},"loc":{"start":{"line":64,"column":2},"end":{"line":66,"column":4}},"line":64}},"f":{"0":6,"1":0,"2":0,"3":1,"4":3,"5":2}}
,"C:\\Users\\JihenHasnaoui\\Desktop\\tekup-5\\Django\\projet\\Frontend\\TalentVision_front\\src\\pages\\Alerts.tsx": {"path":"C:\\Users\\JihenHasnaoui\\Desktop\\tekup-5\\Django\\projet\\Frontend\\TalentVision_front\\src\\pages\\Alerts.tsx","all":false,"statementMap":{"0":{"start":{"line":1,"column":0},"end":{"line":1,"column":78}},"1":{"start":{"line":2,"column":0},"end":{"line":2,"column":40}},"2":{"start":{"line":3,"column":0},"end":{"line":3,"column":29}},"33":{"start":{"line":34,"column":0},"end":{"line":34,"column":34}},"34":{"start":{"line":35,"column":0},"end":{"line":35,"column":39}},"37":{"start":{"line":38,"column":0},"end":{"line":38,"column":64}},"38":{"start":{"line":39,"column":0},"end":{"line":39,"column":25}},"39":{"start":{"line":40,"column":0},"end":{"line":40,"column":26}},"40":{"start":{"line":41,"column":0},"end":{"line":41,"column":11}},"41":{"start":{"line":42,"column":0},"end":{"line":42,"column":51}},"42":{"start":{"line":43,"column":0},"end":{"line":43,"column":54}},"43":{"start":{"line":44,"column":0},"end":{"line":44,"column":26}},"44":{"start":{"line":45,"column":0},"end":{"line":45,"column":69}},"45":{"start":{"line":46,"column":0},"end":{"line":46,"column":18}},"46":{"start":{"line":47,"column":0},"end":{"line":47,"column":7}},"47":{"start":{"line":48,"column":0},"end":{"line":48,"column":6}},"48":{"start":{"line":49,"column":0},"end":{"line":49,"column":5}},"51":{"start":{"line":52,"column":0},"end":{"line":52,"column":68}},"52":{"start":{"line":53,"column":0},"end":{"line":53,"column":38}},"53":{"start":{"line":54,"column":0},"end":{"line":54,"column":26}},"54":{"start":{"line":55,"column":0},"end":{"line":55,"column":62}},"55":{"start":{"line":56,"column":0},"end":{"line":56,"column":27}},"56":{"start":{"line":57,"column":0},"end":{"line":57,"column":6}},"57":{"start":{"line":58,"column":0},"end":{"line":58,"column":5}},"59":{"start":{"line":60,"column":0},"end":{"line":60,"column":42}},"60":{"start":{"line":61,"column":0},"end":{"line":61,"column":44}},"61":{"start":{"line":62,"column":0},"end":{"line":62,"column":75}},"62":{"start":{"line":63,"column":0},"end":{"line":63,"column":27}},"63":{"start":{"line":64,"column":0},"end":{"line":64,"column":6}},"64":{"start":{"line":65,"column":0},"end":{"line":65,"column":22}},"65":{"start":{"line":66,"column":0},"end":{"line":66,"column":62}},"66":{"start":{"line":67,"column":0},"end":{"line":67,"column":75}},"67":{"start":{"line":68,"column":0},"end":{"line":68,"column":6}},"68":{"start":{"line":69,"column":0},"end":{"line":69,"column":5}},"70":{"start":{"line":71,"column":0},"end":{"line":71,"column":45}},"71":{"start":{"line":72,"column":0},"end":{"line":72,"column":29}},"73":{"start":{"line":74,"column":0},"end":{"line":74,"column":75}},"74":{"start":{"line":75,"column":0},"end":{"line":75,"column":24}},"75":{"start":{"line":76,"column":0},"end":{"line":76,"column":83}},"76":{"start":{"line":77,"column":0},"end":{"line":77,"column":8}},"77":{"start":{"line":78,"column":0},"end":{"line":78,"column":6}},"78":{"start":{"line":79,"column":0},"end":{"line":79,"column":22}},"79":{"start":{"line":80,"column":0},"end":{"line":80,"column":62}},"80":{"start":{"line":81,"column":0},"end":{"line":81,"column":75}},"81":{"start":{"line":82,"column":0},"end":{"line":82,"column":6}},"82":{"start":{"line":83,"column":0},"end":{"line":83,"column":5}},"84":{"start":{"line":85,"column":0},"end":{"line":85,"column":46}},"85":{"start":{"line":86,"column":0},"end":{"line":86,"column":61}},"86":{"start":{"line":87,"column":0},"end":{"line":87,"column":22}},"87":{"start":{"line":88,"column":0},"end":{"line":88,"column":20}},"88":{"start":{"line":89,"column":0},"end":{"line":89,"column":21}},"89":{"start":{"line":90,"column":0},"end":{"line":90,"column":22}},"90":{"start":{"line":91,"column":0},"end":{"line":91,"column":24}},"91":{"start":{"line":92,"column":0},"end":{"line":92,"column":7}},"92":{"start":{"line":93,"column":0},"end":{"line":93,"column":4}},"94":{"start":{"line":95,"column":0},"end":{"line":95,"column":50}},"95":{"start":{"line":96,"column":0},"end":{"line":96,"column":44}},"96":{"start":{"line":97,"column":0},"end":{"line":97,"column":39}},"97":{"start":{"line":98,"column":0},"end":{"line":98,"column":42}},"98":{"start":{"line":99,"column":0},"end":{"line":99,"column":44}},"99":{"start":{"line":100,"column":0},"end":{"line":100,"column":40}},"100":{"start":{"line":101,"column":0},"end":{"line":101,"column":6}},"101":{"start":{"line":102,"column":0},"end":{"line":102,"column":59}},"102":{"start":{"line":103,"column":0},"end":{"line":103,"column":4}},"104":{"start":{"line":105,"column":0},"end":{"line":105,"column":50}},"105":{"start":{"line":106,"column":0},"end":{"line":106,"column":44}},"106":{"start":{"line":107,"column":0},"end":{"line":107,"column":20}},"107":{"start":{"line":108,"column":0},"end":{"line":108,"column":24}},"108":{"start":{"line":109,"column":0},"end":{"line":109,"column":20}},"109":{"start":{"line":110,"column":0},"end":{"line":110,"column":24}},"110":{"start":{"line":111,"column":0},"end":{"line":111,"column":6}},"111":{"start":{"line":112,"column":0},"end":{"line":112,"column":40}},"112":{"start":{"line":113,"column":0},"end":{"line":113,"column":4}},"114":{"start":{"line":115,"column":0},"end":{"line":115,"column":52}},"115":{"start":{"line":116,"column":0},"end":{"line":116,"column":44}},"116":{"start":{"line":117,"column":0},"end":{"line":117,"column":48}},"117":{"start":{"line":118,"column":0},"end":{"line":118,"column":41}},"118":{"start":{"line":119,"column":0},"end":{"line":119,"column":32}},"119":{"start":{"line":120,"column":0},"end":{"line":120,"column":46}},"120":{"start":{"line":121,"column":0},"end":{"line":121,"column":40}},"121":{"start":{"line":122,"column":0},"end":{"line":122,"column":6}},"122":{"start":{"line":123,"column":0},"end":{"line":123,"column":42}},"123":{"start":{"line":124,"column":0},"end":{"line":124,"column":4}},"125":{"start":{"line":126,"column":0},"end":{"line":126,"column":51}},"126":{"start":{"line":127,"column":0},"end":{"line":127,"column":43}},"127":{"start":{"line":128,"column":0},"end":{"line":128,"column":28}},"128":{"start":{"line":129,"column":0},"end":{"line":129,"column":27}},"129":{"start":{"line":130,"column":0},"end":{"line":130,"column":22}},"130":{"start":{"line":131,"column":0},"end":{"line":131,"column":28}},"131":{"start":{"line":132,"column":0},"end":{"line":132,"column":26}},"132":{"start":{"line":133,"column":0},"end":{"line":133,"column":6}},"133":{"start":{"line":134,"column":0},"end":{"line":134,"column":36}},"134":{"start":{"line":135,"column":0},"end":{"line":135,"column":4}},"136":{"start":{"line":137,"column":0},"end":{"line":137,"column":18}},"137":{"start":{"line":138,"column":0},"end":{"line":138,"column":12}},"138":{"start":{"line":139,"column":0},"end":{"line":139,"column":80}},"139":{"start":{"line":140,"column":0},"end":{"line":140,"column":52}},"140":{"start":{"line":141,"column":0},"end":{"line":141,"column":12}},"142":{"start":{"line":143,"column":0},"end":{"line":143,"column":3}},"144":{"start":{"line":145,"column":0},"end":{"line":145,"column":14}},"145":{"start":{"line":146,"column":0},"end":{"line":146,"column":12}},"146":{"start":{"line":147,"column":0},"end":{"line":147,"column":51}},"147":{"start":{"line":148,"column":0},"end":{"line":148,"column":43}},"148":{"start":{"line":149,"column":0},"end":{"line":149,"column":74}},"149":{"start":{"line":150,"column":0},"end":{"line":150,"column":98}},"150":{"start":{"line":151,"column":0},"end":{"line":151,"column":40}},"151":{"start":{"line":152,"column":0},"end":{"line":152,"column":114}},"152":{"start":{"line":153,"column":0},"end":{"line":153,"column":16}},"153":{"start":{"line":154,"column":0},"end":{"line":154,"column":19}},"154":{"start":{"line":155,"column":0},"end":{"line":155,"column":85}},"155":{"start":{"line":156,"column":0},"end":{"line":156,"column":90}},"156":{"start":{"line":157,"column":0},"end":{"line":157,"column":13}},"158":{"start":{"line":159,"column":0},"end":{"line":159,"column":21}},"159":{"start":{"line":160,"column":0},"end":{"line":160,"column":16}},"160":{"start":{"line":161,"column":0},"end":{"line":161,"column":14}},"161":{"start":{"line":162,"column":0},"end":{"line":162,"column":12}},"163":{"start":{"line":164,"column":0},"end":{"line":164,"column":3}},"165":{"start":{"line":166,"column":0},"end":{"line":166,"column":71}},"168":{"start":{"line":169,"column":0},"end":{"line":169,"column":38}},"169":{"start":{"line":170,"column":0},"end":{"line":170,"column":47}},"171":{"start":{"line":172,"column":0},"end":{"line":172,"column":10}},"172":{"start":{"line":173,"column":0},"end":{"line":173,"column":49}},"173":{"start":{"line":174,"column":0},"end":{"line":174,"column":41}},"175":{"start":{"line":176,"column":0},"end":{"line":176,"column":30}},"176":{"start":{"line":177,"column":0},"end":{"line":177,"column":61}},"177":{"start":{"line":178,"column":0},"end":{"line":178,"column":17}},"178":{"start":{"line":179,"column":0},"end":{"line":179,"column":75}},"179":{"start":{"line":180,"column":0},"end":{"line":180,"column":48}},"180":{"start":{"line":181,"column":0},"end":{"line":181,"column":111}},"181":{"start":{"line":182,"column":0},"end":{"line":182,"column":18}},"183":{"start":{"line":184,"column":0},"end":{"line":184,"column":58}},"184":{"start":{"line":185,"column":0},"end":{"line":185,"column":58}},"185":{"start":{"line":186,"column":0},"end":{"line":186,"column":89}},"186":{"start":{"line":187,"column":0},"end":{"line":187,"column":20}},"188":{"start":{"line":189,"column":0},"end":{"line":189,"column":18}},"189":{"start":{"line":190,"column":0},"end":{"line":190,"column":41}},"190":{"start":{"line":191,"column":0},"end":{"line":191,"column":21}},"191":{"start":{"line":192,"column":0},"end":{"line":192,"column":62}},"192":{"start":{"line":193,"column":0},"end":{"line":193,"column":58}},"193":{"start":{"line":194,"column":0},"end":{"line":194,"column":125}},"195":{"start":{"line":196,"column":0},"end":{"line":196,"column":93}},"196":{"start":{"line":197,"column":0},"end":{"line":197,"column":23}},"198":{"start":{"line":199,"column":0},"end":{"line":199,"column":16}},"199":{"start":{"line":200,"column":0},"end":{"line":200,"column":14}},"202":{"start":{"line":203,"column":0},"end":{"line":203,"column":40}},"203":{"start":{"line":204,"column":0},"end":{"line":204,"column":37}},"204":{"start":{"line":205,"column":0},"end":{"line":205,"column":36}},"205":{"start":{"line":206,"column":0},"end":{"line":206,"column":18}},"206":{"start":{"line":207,"column":0},"end":{"line":207,"column":30}},"207":{"start":{"line":208,"column":0},"end":{"line":208,"column":95}},"208":{"start":{"line":209,"column":0},"end":{"line":209,"column":70}},"209":{"start":{"line":210,"column":0},"end":{"line":210,"column":19}},"211":{"start":{"line":212,"column":0},"end":{"line":212,"column":66}},"212":{"start":{"line":213,"column":0},"end":{"line":213,"column":42}},"213":{"start":{"line":214,"column":0},"end":{"line":214,"column":70}},"214":{"start":{"line":215,"column":0},"end":{"line":215,"column":92}},"215":{"start":{"line":216,"column":0},"end":{"line":216,"column":46}},"216":{"start":{"line":217,"column":0},"end":{"line":217,"column":74}},"217":{"start":{"line":218,"column":0},"end":{"line":218,"column":120}},"218":{"start":{"line":219,"column":0},"end":{"line":219,"column":41}},"219":{"start":{"line":220,"column":0},"end":{"line":220,"column":31}},"220":{"start":{"line":221,"column":0},"end":{"line":221,"column":46}},"221":{"start":{"line":222,"column":0},"end":{"line":222,"column":119}},"223":{"start":{"line":224,"column":0},"end":{"line":224,"column":35}},"225":{"start":{"line":226,"column":0},"end":{"line":226,"column":30}},"226":{"start":{"line":227,"column":0},"end":{"line":227,"column":69}},"227":{"start":{"line":228,"column":0},"end":{"line":228,"column":66}},"228":{"start":{"line":229,"column":0},"end":{"line":229,"column":65}},"229":{"start":{"line":230,"column":0},"end":{"line":230,"column":33}},"230":{"start":{"line":231,"column":0},"end":{"line":231,"column":66}},"231":{"start":{"line":232,"column":0},"end":{"line":232,"column":125}},"232":{"start":{"line":233,"column":0},"end":{"line":233,"column":62}},"233":{"start":{"line":234,"column":0},"end":{"line":234,"column":33}},"234":{"start":{"line":235,"column":0},"end":{"line":235,"column":30}},"235":{"start":{"line":236,"column":0},"end":{"line":236,"column":28}},"236":{"start":{"line":237,"column":0},"end":{"line":237,"column":26}},"238":{"start":{"line":239,"column":0},"end":{"line":239,"column":93}},"240":{"start":{"line":241,"column":0},"end":{"line":241,"column":87}},"241":{"start":{"line":242,"column":0},"end":{"line":242,"column":68}},"242":{"start":{"line":243,"column":0},"end":{"line":243,"column":50}},"243":{"start":{"line":244,"column":0},"end":{"line":244,"column":29}},"244":{"start":{"line":245,"column":0},"end":{"line":245,"column":72}},"245":{"start":{"line":246,"column":0},"end":{"line":246,"column":87}},"246":{"start":{"line":247,"column":0},"end":{"line":247,"column":25}},"247":{"start":{"line":248,"column":0},"end":{"line":248,"column":73}},"248":{"start":{"line":249,"column":0},"end":{"line":249,"column":31}},"250":{"start":{"line":251,"column":0},"end":{"line":251,"column":53}},"251":{"start":{"line":252,"column":0},"end":{"line":252,"column":29}},"252":{"start":{"line":253,"column":0},"end":{"line":253,"column":97}},"253":{"start":{"line":254,"column":0},"end":{"line":254,"column":87}},"254":{"start":{"line":255,"column":0},"end":{"line":255,"column":25}},"255":{"start":{"line":256,"column":0},"end":{"line":256,"column":100}},"256":{"start":{"line":257,"column":0},"end":{"line":257,"column":73}},"257":{"start":{"line":258,"column":0},"end":{"line":258,"column":31}},"259":{"start":{"line":260,"column":0},"end":{"line":260,"column":26}},"260":{"start":{"line":261,"column":0},"end":{"line":261,"column":24}},"263":{"start":{"line":264,"column":0},"end":{"line":264,"column":40}},"264":{"start":{"line":265,"column":0},"end":{"line":265,"column":40}},"265":{"start":{"line":266,"column":0},"end":{"line":266,"column":29}},"266":{"start":{"line":267,"column":0},"end":{"line":267,"column":75}},"267":{"start":{"line":268,"column":0},"end":{"line":268,"column":63}},"268":{"start":{"line":269,"column":0},"end":{"line":269,"column":140}},"269":{"start":{"line":270,"column":0},"end":{"line":270,"column":23}},"271":{"start":{"line":272,"column":0},"end":{"line":272,"column":31}},"273":{"start":{"line":274,"column":0},"end":{"line":274,"column":39}},"274":{"start":{"line":275,"column":0},"end":{"line":275,"column":109}},"276":{"start":{"line":277,"column":0},"end":{"line":277,"column":29}},"278":{"start":{"line":279,"column":0},"end":{"line":279,"column":24}},"279":{"start":{"line":280,"column":0},"end":{"line":280,"column":22}},"280":{"start":{"line":281,"column":0},"end":{"line":281,"column":20}},"281":{"start":{"line":282,"column":0},"end":{"line":282,"column":15}},"282":{"start":{"line":283,"column":0},"end":{"line":283,"column":16}},"284":{"start":{"line":285,"column":0},"end":{"line":285,"column":71}},"285":{"start":{"line":286,"column":0},"end":{"line":286,"column":51}},"286":{"start":{"line":287,"column":0},"end":{"line":287,"column":93}},"287":{"start":{"line":288,"column":0},"end":{"line":288,"column":59}},"289":{"start":{"line":290,"column":0},"end":{"line":290,"column":16}},"290":{"start":{"line":291,"column":0},"end":{"line":291,"column":82}},"291":{"start":{"line":292,"column":0},"end":{"line":292,"column":78}},"292":{"start":{"line":293,"column":0},"end":{"line":293,"column":70}},"293":{"start":{"line":294,"column":0},"end":{"line":294,"column":94}},"294":{"start":{"line":295,"column":0},"end":{"line":295,"column":76}},"295":{"start":{"line":296,"column":0},"end":{"line":296,"column":61}},"296":{"start":{"line":297,"column":0},"end":{"line":297,"column":56}},"297":{"start":{"line":298,"column":0},"end":{"line":298,"column":19}},"298":{"start":{"line":299,"column":0},"end":{"line":299,"column":42}},"300":{"start":{"line":301,"column":0},"end":{"line":301,"column":117}},"301":{"start":{"line":302,"column":0},"end":{"line":302,"column":18}},"302":{"start":{"line":303,"column":0},"end":{"line":303,"column":18}},"303":{"start":{"line":304,"column":0},"end":{"line":304,"column":34}},"304":{"start":{"line":305,"column":0},"end":{"line":305,"column":21}},"305":{"start":{"line":306,"column":0},"end":{"line":306,"column":38}},"306":{"start":{"line":307,"column":0},"end":{"line":307,"column":23}},"307":{"start":{"line":308,"column":0},"end":{"line":308,"column":83}},"308":{"start":{"line":309,"column":0},"end":{"line":309,"column":76}},"309":{"start":{"line":310,"column":0},"end":{"line":310,"column":89}},"310":{"start":{"line":311,"column":0},"end":{"line":311,"column":56}},"311":{"start":{"line":312,"column":0},"end":{"line":312,"column":40}},"312":{"start":{"line":313,"column":0},"end":{"line":313,"column":85}},"313":{"start":{"line":314,"column":0},"end":{"line":314,"column":19}},"314":{"start":{"line":315,"column":0},"end":{"line":315,"column":18}},"315":{"start":{"line":316,"column":0},"end":{"line":316,"column":105}},"316":{"start":{"line":317,"column":0},"end":{"line":317,"column":15}},"318":{"start":{"line":319,"column":0},"end":{"line":319,"column":23}},"319":{"start":{"line":320,"column":0},"end":{"line":320,"column":18}},"320":{"start":{"line":321,"column":0},"end":{"line":321,"column":16}},"322":{"start":{"line":323,"column":0},"end":{"line":323,"column":12}},"323":{"start":{"line":324,"column":0},"end":{"line":324,"column":10}},"325":{"start":{"line":326,"column":0},"end":{"line":326,"column":1}}},"s":{"0":0,"1":1,"2":1,"33":17,"34":17,"37":17,"38":17,"39":17,"40":10,"41":10,"42":10,"43":10,"44":1,"45":1,"46":1,"47":10,"48":17,"51":17,"52":17,"53":17,"54":10,"55":6,"56":10,"57":17,"59":17,"60":17,"61":1,"62":1,"63":1,"64":17,"65":1,"66":1,"67":1,"68":17,"70":17,"71":17,"73":1,"74":1,"75":1,"76":1,"77":1,"78":17,"79":1,"80":1,"81":1,"82":17,"84":17,"85":9,"86":9,"87":9,"88":9,"89":9,"90":9,"91":9,"92":9,"94":17,"95":9,"96":9,"97":9,"98":9,"99":9,"100":9,"101":9,"102":9,"104":17,"105":9,"106":9,"107":9,"108":9,"109":9,"110":9,"111":9,"112":9,"114":17,"115":9,"116":9,"117":9,"118":9,"119":9,"120":9,"121":9,"122":9,"123":9,"125":17,"126":9,"127":9,"128":9,"129":9,"130":9,"131":9,"132":9,"133":9,"134":9,"136":17,"137":8,"138":8,"139":8,"140":8,"142":8,"144":17,"145":1,"146":1,"147":1,"148":1,"149":1,"150":1,"151":1,"152":1,"153":1,"154":1,"155":1,"156":1,"158":1,"159":1,"160":1,"161":1,"163":1,"165":17,"168":17,"169":17,"171":17,"172":17,"173":17,"175":17,"176":17,"177":17,"178":17,"179":17,"180":17,"181":17,"183":17,"184":0,"185":0,"186":0,"188":17,"189":17,"190":7,"191":7,"192":7,"193":7,"195":7,"196":7,"198":17,"199":17,"202":17,"203":7,"204":7,"205":9,"206":9,"207":9,"208":9,"209":9,"211":9,"212":9,"213":9,"214":9,"215":9,"216":9,"217":9,"218":9,"219":9,"220":9,"221":9,"223":9,"225":9,"226":9,"227":9,"228":9,"229":9,"230":9,"231":9,"232":9,"233":9,"234":9,"235":9,"236":9,"238":9,"240":9,"241":9,"242":9,"243":0,"244":0,"245":0,"246":0,"247":0,"248":0,"250":9,"251":1,"252":1,"253":1,"254":1,"255":1,"256":1,"257":1,"259":9,"260":9,"263":9,"264":9,"265":9,"266":9,"267":9,"268":9,"269":9,"271":9,"273":9,"274":0,"276":0,"278":9,"279":9,"280":9,"281":7,"282":7,"284":1,"285":1,"286":1,"287":1,"289":1,"290":1,"291":1,"292":1,"293":1,"294":1,"295":1,"296":1,"297":1,"298":1,"300":1,"301":1,"302":1,"303":1,"304":1,"305":1,"306":0,"307":0,"308":0,"309":0,"310":0,"311":0,"312":0,"313":0,"314":0,"315":1,"316":1,"318":1,"319":1,"320":1,"322":17,"323":17,"325":17},"branchMap":{"0":{"type":"branch","line":1,"loc":{"start":{"line":1,"column":0},"end":{"line":1,"column":78}},"locations":[{"start":{"line":1,"column":0},"end":{"line":1,"column":78}}]},"1":{"type":"branch","line":1,"loc":{"start":{"line":1,"column":0},"end":{"line":1,"column":78}},"locations":[{"start":{"line":1,"column":0},"end":{"line":1,"column":78}}]},"2":{"type":"branch","line":34,"loc":{"start":{"line":34,"column":0},"end":{"line":326,"column":1}},"locations":[{"start":{"line":34,"column":0},"end":{"line":326,"column":1}}]},"3":{"type":"branch","line":137,"loc":{"start":{"line":137,"column":17},"end":{"line":143,"column":3}},"locations":[{"start":{"line":137,"column":17},"end":{"line":143,"column":3}}]},"4":{"type":"branch","line":143,"loc":{"start":{"line":143,"column":2},"end":{"line":145,"column":13}},"locations":[{"start":{"line":143,"column":2},"end":{"line":145,"column":13}}]},"5":{"type":"branch","line":145,"loc":{"start":{"line":145,"column":13},"end":{"line":164,"column":3}},"locations":[{"start":{"line":145,"column":13},"end":{"line":164,"column":3}}]},"6":{"type":"branch","line":152,"loc":{"start":{"line":152,"column":46},"end":{"line":152,"column":114}},"locations":[{"start":{"line":152,"column":46},"end":{"line":152,"column":114}}]},"7":{"type":"branch","line":164,"loc":{"start":{"line":164,"column":2},"end":{"line":166,"column":38}},"locations":[{"start":{"line":164,"column":2},"end":{"line":166,"column":38}}]},"8":{"type":"branch","line":166,"loc":{"start":{"line":166,"column":63},"end":{"line":166,"column":71}},"locations":[{"start":{"line":166,"column":63},"end":{"line":166,"column":71}}]},"9":{"type":"branch","line":170,"loc":{"start":{"line":170,"column":31},"end":{"line":170,"column":45}},"locations":[{"start":{"line":170,"column":31},"end":{"line":170,"column":45}}]},"10":{"type":"branch","line":181,"loc":{"start":{"line":181,"column":17},"end":{"line":181,"column":35}},"locations":[{"start":{"line":181,"column":17},"end":{"line":181,"column":35}}]},"11":{"type":"branch","line":181,"loc":{"start":{"line":181,"column":25},"end":{"line":181,"column":37}},"locations":[{"start":{"line":181,"column":25},"end":{"line":181,"column":37}}]},"12":{"type":"branch","line":181,"loc":{"start":{"line":181,"column":51},"end":{"line":181,"column":80}},"locations":[{"start":{"line":181,"column":51},"end":{"line":181,"column":80}}]},"13":{"type":"branch","line":181,"loc":{"start":{"line":181,"column":64},"end":{"line":181,"column":100}},"locations":[{"start":{"line":181,"column":64},"end":{"line":181,"column":100}}]},"14":{"type":"branch","line":184,"loc":{"start":{"line":184,"column":40},"end":{"line":187,"column":20}},"locations":[{"start":{"line":184,"column":40},"end":{"line":187,"column":20}}]},"15":{"type":"branch","line":190,"loc":{"start":{"line":190,"column":35},"end":{"line":197,"column":23}},"locations":[{"start":{"line":190,"column":35},"end":{"line":197,"column":23}}]},"16":{"type":"branch","line":196,"loc":{"start":{"line":196,"column":39},"end":{"line":196,"column":69}},"locations":[{"start":{"line":196,"column":39},"end":{"line":196,"column":69}}]},"17":{"type":"branch","line":203,"loc":{"start":{"line":203,"column":9},"end":{"line":203,"column":40}},"locations":[{"start":{"line":203,"column":9},"end":{"line":203,"column":40}}]},"18":{"type":"branch","line":203,"loc":{"start":{"line":203,"column":35},"end":{"line":283,"column":16}},"locations":[{"start":{"line":203,"column":35},"end":{"line":283,"column":16}}]},"19":{"type":"branch","line":283,"loc":{"start":{"line":283,"column":10},"end":{"line":321,"column":16}},"locations":[{"start":{"line":283,"column":10},"end":{"line":321,"column":16}}]},"20":{"type":"branch","line":40,"loc":{"start":{"line":40,"column":13},"end":{"line":48,"column":6}},"locations":[{"start":{"line":40,"column":13},"end":{"line":48,"column":6}}]},"21":{"type":"branch","line":42,"loc":{"start":{"line":42,"column":49},"end":{"line":43,"column":40}},"locations":[{"start":{"line":42,"column":49},"end":{"line":43,"column":40}}]},"22":{"type":"branch","line":43,"loc":{"start":{"line":43,"column":29},"end":{"line":43,"column":54}},"locations":[{"start":{"line":43,"column":29},"end":{"line":43,"column":54}}]},"23":{"type":"branch","line":44,"loc":{"start":{"line":44,"column":6},"end":{"line":47,"column":7}},"locations":[{"start":{"line":44,"column":6},"end":{"line":47,"column":7}}]},"24":{"type":"branch","line":54,"loc":{"start":{"line":54,"column":13},"end":{"line":57,"column":6}},"locations":[{"start":{"line":54,"column":13},"end":{"line":57,"column":6}}]},"25":{"type":"branch","line":55,"loc":{"start":{"line":55,"column":60},"end":{"line":56,"column":27}},"locations":[{"start":{"line":55,"column":60},"end":{"line":56,"column":27}}]},"26":{"type":"branch","line":61,"loc":{"start":{"line":61,"column":16},"end":{"line":64,"column":6}},"locations":[{"start":{"line":61,"column":16},"end":{"line":64,"column":6}}]},"27":{"type":"branch","line":65,"loc":{"start":{"line":65,"column":15},"end":{"line":68,"column":6}},"locations":[{"start":{"line":65,"column":15},"end":{"line":68,"column":6}}]},"28":{"type":"branch","line":72,"loc":{"start":{"line":72,"column":16},"end":{"line":78,"column":6}},"locations":[{"start":{"line":72,"column":16},"end":{"line":78,"column":6}}]},"29":{"type":"branch","line":74,"loc":{"start":{"line":74,"column":67},"end":{"line":74,"column":75}},"locations":[{"start":{"line":74,"column":67},"end":{"line":74,"column":75}}]},"30":{"type":"branch","line":74,"loc":{"start":{"line":74,"column":42},"end":{"line":74,"column":67}},"locations":[{"start":{"line":74,"column":42},"end":{"line":74,"column":67}}]},"31":{"type":"branch","line":76,"loc":{"start":{"line":76,"column":25},"end":{"line":76,"column":82}},"locations":[{"start":{"line":76,"column":25},"end":{"line":76,"column":82}}]},"32":{"type":"branch","line":79,"loc":{"start":{"line":79,"column":15},"end":{"line":82,"column":6}},"locations":[{"start":{"line":79,"column":15},"end":{"line":82,"column":6}}]},"33":{"type":"branch","line":85,"loc":{"start":{"line":85,"column":21},"end":{"line":93,"column":4}},"locations":[{"start":{"line":85,"column":21},"end":{"line":93,"column":4}}]},"34":{"type":"branch","line":95,"loc":{"start":{"line":95,"column":27},"end":{"line":103,"column":4}},"locations":[{"start":{"line":95,"column":27},"end":{"line":103,"column":4}}]},"35":{"type":"branch","line":102,"loc":{"start":{"line":102,"column":26},"end":{"line":102,"column":59}},"locations":[{"start":{"line":102,"column":26},"end":{"line":102,"column":59}}]},"36":{"type":"branch","line":105,"loc":{"start":{"line":105,"column":27},"end":{"line":113,"column":4}},"locations":[{"start":{"line":105,"column":27},"end":{"line":113,"column":4}}]},"37":{"type":"branch","line":112,"loc":{"start":{"line":112,"column":26},"end":{"line":112,"column":40}},"locations":[{"start":{"line":112,"column":26},"end":{"line":112,"column":40}}]},"38":{"type":"branch","line":115,"loc":{"start":{"line":115,"column":28},"end":{"line":124,"column":4}},"locations":[{"start":{"line":115,"column":28},"end":{"line":124,"column":4}}]},"39":{"type":"branch","line":123,"loc":{"start":{"line":123,"column":27},"end":{"line":123,"column":42}},"locations":[{"start":{"line":123,"column":27},"end":{"line":123,"column":42}}]},"40":{"type":"branch","line":126,"loc":{"start":{"line":126,"column":27},"end":{"line":135,"column":4}},"locations":[{"start":{"line":126,"column":27},"end":{"line":135,"column":4}}]},"41":{"type":"branch","line":134,"loc":{"start":{"line":134,"column":26},"end":{"line":134,"column":36}},"locations":[{"start":{"line":134,"column":26},"end":{"line":134,"column":36}}]},"42":{"type":"branch","line":166,"loc":{"start":{"line":166,"column":38},"end":{"line":166,"column":63}},"locations":[{"start":{"line":166,"column":38},"end":{"line":166,"column":63}}]},"43":{"type":"branch","line":192,"loc":{"start":{"line":192,"column":25},"end":{"line":192,"column":62}},"locations":[{"start":{"line":192,"column":25},"end":{"line":192,"column":62}}]},"44":{"type":"branch","line":205,"loc":{"start":{"line":205,"column":24},"end":{"line":281,"column":20}},"locations":[{"start":{"line":205,"column":24},"end":{"line":281,"column":20}}]},"45":{"type":"branch","line":209,"loc":{"start":{"line":209,"column":35},"end":{"line":209,"column":70}},"locations":[{"start":{"line":209,"column":35},"end":{"line":209,"column":70}}]},"46":{"type":"branch","line":218,"loc":{"start":{"line":218,"column":83},"end":{"line":218,"column":116}},"locations":[{"start":{"line":218,"column":83},"end":{"line":218,"column":116}}]},"47":{"type":"branch","line":243,"loc":{"start":{"line":243,"column":29},"end":{"line":249,"column":31}},"locations":[{"start":{"line":243,"column":29},"end":{"line":249,"column":31}}]},"48":{"type":"branch","line":251,"loc":{"start":{"line":251,"column":29},"end":{"line":258,"column":31}},"locations":[{"start":{"line":251,"column":29},"end":{"line":258,"column":31}}]},"49":{"type":"branch","line":274,"loc":{"start":{"line":274,"column":27},"end":{"line":277,"column":29}},"locations":[{"start":{"line":274,"column":27},"end":{"line":277,"column":29}}]},"50":{"type":"branch","line":267,"loc":{"start":{"line":267,"column":33},"end":{"line":267,"column":75}},"locations":[{"start":{"line":267,"column":33},"end":{"line":267,"column":75}}]}},"b":{"0":[14],"1":[0],"2":[17],"3":[8],"4":[9],"5":[1],"6":[0],"7":[8],"8":[0],"9":[8],"10":[8],"11":[1],"12":[8],"13":[1],"14":[0],"15":[7],"16":[0],"17":[8],"18":[7],"19":[1],"20":[10],"21":[6],"22":[0],"23":[1],"24":[10],"25":[6],"26":[1],"27":[1],"28":[1],"29":[0],"30":[2],"31":[2],"32":[1],"33":[9],"34":[9],"35":[0],"36":[9],"37":[0],"38":[9],"39":[0],"40":[9],"41":[0],"42":[9],"43":[1],"44":[9],"45":[0],"46":[0],"47":[0],"48":[1],"49":[0],"50":[1]},"fnMap":{"0":{"name":"get","decl":{"start":{"line":1,"column":0},"end":{"line":1,"column":78}},"loc":{"start":{"line":1,"column":0},"end":{"line":1,"column":78}},"line":1},"1":{"name":"Alerts","decl":{"start":{"line":34,"column":0},"end":{"line":326,"column":1}},"loc":{"start":{"line":34,"column":0},"end":{"line":326,"column":1}},"line":34},"2":{"name":"queryFn","decl":{"start":{"line":40,"column":13},"end":{"line":48,"column":6}},"loc":{"start":{"line":40,"column":13},"end":{"line":48,"column":6}},"line":40},"3":{"name":"queryFn","decl":{"start":{"line":54,"column":13},"end":{"line":57,"column":6}},"loc":{"start":{"line":54,"column":13},"end":{"line":57,"column":6}},"line":54},"4":{"name":"mutationFn","decl":{"start":{"line":61,"column":16},"end":{"line":64,"column":6}},"loc":{"start":{"line":61,"column":16},"end":{"line":64,"column":6}},"line":61},"5":{"name":"onSuccess","decl":{"start":{"line":65,"column":15},"end":{"line":68,"column":6}},"loc":{"start":{"line":65,"column":15},"end":{"line":68,"column":6}},"line":65},"6":{"name":"mutationFn","decl":{"start":{"line":72,"column":16},"end":{"line":78,"column":6}},"loc":{"start":{"line":72,"column":16},"end":{"line":78,"column":6}},"line":72},"7":{"name":"onSuccess","decl":{"start":{"line":79,"column":15},"end":{"line":82,"column":6}},"loc":{"start":{"line":79,"column":15},"end":{"line":82,"column":6}},"line":79},"8":{"name":"formatDate","decl":{"start":{"line":85,"column":21},"end":{"line":93,"column":4}},"loc":{"start":{"line":85,"column":21},"end":{"line":93,"column":4}},"line":85},"9":{"name":"getPriorityColor","decl":{"start":{"line":95,"column":27},"end":{"line":103,"column":4}},"loc":{"start":{"line":95,"column":27},"end":{"line":103,"column":4}},"line":95},"10":{"name":"getPriorityLabel","decl":{"start":{"line":105,"column":27},"end":{"line":113,"column":4}},"loc":{"start":{"line":105,"column":27},"end":{"line":113,"column":4}},"line":105},"11":{"name":"getAlertTypeLabel","decl":{"start":{"line":115,"column":28},"end":{"line":124,"column":4}},"loc":{"start":{"line":115,"column":28},"end":{"line":124,"column":4}},"line":115},"12":{"name":"getAlertTypeIcon","decl":{"start":{"line":126,"column":27},"end":{"line":135,"column":4}},"loc":{"start":{"line":126,"column":27},"end":{"line":135,"column":4}},"line":126},"13":{"name":"onClick","decl":{"start":{"line":155,"column":23},"end":{"line":155,"column":85}},"loc":{"start":{"line":155,"column":23},"end":{"line":155,"column":85}},"line":155},"14":{"name":"onClick","decl":{"start":{"line":192,"column":25},"end":{"line":192,"column":62}},"loc":{"start":{"line":192,"column":25},"end":{"line":192,"column":62}},"line":192},"15":{"name":"onClick","decl":{"start":{"line":267,"column":33},"end":{"line":267,"column":75}},"loc":{"start":{"line":267,"column":33},"end":{"line":267,"column":75}},"line":267},"16":{"name":"onClick","decl":{"start":{"line":306,"column":25},"end":{"line":315,"column":18}},"loc":{"start":{"line":306,"column":25},"end":{"line":315,"column":18}},"line":306}},"f":{"0":14,"1":17,"2":10,"3":10,"4":1,"5":1,"6":1,"7":1,"8":9,"9":9,"10":9,"11":9,"12":9,"13":0,"14":1,"15":1,"16":0}}
,"C:\\Users\\JihenHasnaoui\\Desktop\\tekup-5\\Django\\projet\\Frontend\\TalentVision_front\\src\\pages\\ApplicationDetail.tsx": {"path":"C:\\Users\\JihenHasnaoui\\Desktop\\tekup-5\\Django\\projet\\Frontend\\TalentVision_front\\src\\pages\\ApplicationDetail.tsx","all":false,"statementMap":{"0":{"start":{"line":1,"column":0},"end":{"line":1,"column":58}},"1":{"start":{"line":2,"column":0},"end":{"line":2,"column":78}},"2":{"start":{"line":3,"column":0},"end":{"line":3,"column":29}},"3":{"start":{"line":4,"column":0},"end":{"line":4,"column":42}},"57":{"start":{"line":58,"column":0},"end":{"line":58,"column":45}},"58":{"start":{"line":59,"column":0},"end":{"line":59,"column":45}},"59":{"start":{"line":60,"column":0},"end":{"line":60,"column":33}},"60":{"start":{"line":61,"column":0},"end":{"line":61,"column":39}},"61":{"start":{"line":62,"column":0},"end":{"line":62,"column":44}},"63":{"start":{"line":64,"column":0},"end":{"line":64,"column":73}},"64":{"start":{"line":65,"column":0},"end":{"line":65,"column":34}},"65":{"start":{"line":66,"column":0},"end":{"line":66,"column":26}},"66":{"start":{"line":67,"column":0},"end":{"line":67,"column":61}},"67":{"start":{"line":68,"column":0},"end":{"line":68,"column":27}},"68":{"start":{"line":69,"column":0},"end":{"line":69,"column":6}},"69":{"start":{"line":70,"column":0},"end":{"line":70,"column":18}},"70":{"start":{"line":71,"column":0},"end":{"line":71,"column":5}},"72":{"start":{"line":73,"column":0},"end":{"line":73,"column":44}},"73":{"start":{"line":74,"column":0},"end":{"line":74,"column":43}},"74":{"start":{"line":75,"column":0},"end":{"line":75,"column":75}},"75":{"start":{"line":76,"column":0},"end":{"line":76,"column":27}},"76":{"start":{"line":77,"column":0},"end":{"line":77,"column":6}},"77":{"start":{"line":78,"column":0},"end":{"line":78,"column":22}},"78":{"start":{"line":79,"column":0},"end":{"line":79,"column":71}},"79":{"start":{"line":80,"column":0},"end":{"line":80,"column":68}},"80":{"start":{"line":81,"column":0},"end":{"line":81,"column":6}},"81":{"start":{"line":82,"column":0},"end":{"line":82,"column":5}},"83":{"start":{"line":84,"column":0},"end":{"line":84,"column":41}},"84":{"start":{"line":85,"column":0},"end":{"line":85,"column":29}},"85":{"start":{"line":86,"column":0},"end":{"line":86,"column":25}},"86":{"start":{"line":87,"column":0},"end":{"line":87,"column":55}},"87":{"start":{"line":88,"column":0},"end":{"line":88,"column":7}},"88":{"start":{"line":89,"column":0},"end":{"line":89,"column":87}},"89":{"start":{"line":90,"column":0},"end":{"line":90,"column":27}},"90":{"start":{"line":91,"column":0},"end":{"line":91,"column":6}},"91":{"start":{"line":92,"column":0},"end":{"line":92,"column":26}},"92":{"start":{"line":93,"column":0},"end":{"line":93,"column":71}},"93":{"start":{"line":94,"column":0},"end":{"line":94,"column":68}},"94":{"start":{"line":95,"column":0},"end":{"line":95,"column":53}},"95":{"start":{"line":96,"column":0},"end":{"line":96,"column":53}},"96":{"start":{"line":97,"column":0},"end":{"line":97,"column":57}},"97":{"start":{"line":98,"column":0},"end":{"line":98,"column":90}},"98":{"start":{"line":99,"column":0},"end":{"line":99,"column":7}},"99":{"start":{"line":100,"column":0},"end":{"line":100,"column":6}},"100":{"start":{"line":101,"column":0},"end":{"line":101,"column":30}},"101":{"start":{"line":102,"column":0},"end":{"line":102,"column":109}},"102":{"start":{"line":103,"column":0},"end":{"line":103,"column":50}},"103":{"start":{"line":104,"column":0},"end":{"line":104,"column":26}},"104":{"start":{"line":105,"column":0},"end":{"line":105,"column":6}},"105":{"start":{"line":106,"column":0},"end":{"line":106,"column":5}},"107":{"start":{"line":108,"column":0},"end":{"line":108,"column":46}},"108":{"start":{"line":109,"column":0},"end":{"line":109,"column":61}},"109":{"start":{"line":110,"column":0},"end":{"line":110,"column":22}},"110":{"start":{"line":111,"column":0},"end":{"line":111,"column":20}},"111":{"start":{"line":112,"column":0},"end":{"line":112,"column":21}},"112":{"start":{"line":113,"column":0},"end":{"line":113,"column":22}},"113":{"start":{"line":114,"column":0},"end":{"line":114,"column":24}},"114":{"start":{"line":115,"column":0},"end":{"line":115,"column":7}},"115":{"start":{"line":116,"column":0},"end":{"line":116,"column":4}},"117":{"start":{"line":118,"column":0},"end":{"line":118,"column":46}},"118":{"start":{"line":119,"column":0},"end":{"line":119,"column":44}},"119":{"start":{"line":120,"column":0},"end":{"line":120,"column":47}},"120":{"start":{"line":121,"column":0},"end":{"line":121,"column":44}},"121":{"start":{"line":122,"column":0},"end":{"line":122,"column":51}},"122":{"start":{"line":123,"column":0},"end":{"line":123,"column":49}},"123":{"start":{"line":124,"column":0},"end":{"line":124,"column":46}},"124":{"start":{"line":125,"column":0},"end":{"line":125,"column":42}},"125":{"start":{"line":126,"column":0},"end":{"line":126,"column":6}},"126":{"start":{"line":127,"column":0},"end":{"line":127,"column":57}},"127":{"start":{"line":128,"column":0},"end":{"line":128,"column":4}},"129":{"start":{"line":130,"column":0},"end":{"line":130,"column":46}},"130":{"start":{"line":131,"column":0},"end":{"line":131,"column":44}},"131":{"start":{"line":132,"column":0},"end":{"line":132,"column":28}},"132":{"start":{"line":133,"column":0},"end":{"line":133,"column":27}},"133":{"start":{"line":134,"column":0},"end":{"line":134,"column":38}},"134":{"start":{"line":135,"column":0},"end":{"line":135,"column":29}},"135":{"start":{"line":136,"column":0},"end":{"line":136,"column":27}},"136":{"start":{"line":137,"column":0},"end":{"line":137,"column":26}},"137":{"start":{"line":138,"column":0},"end":{"line":138,"column":6}},"138":{"start":{"line":139,"column":0},"end":{"line":139,"column":36}},"139":{"start":{"line":140,"column":0},"end":{"line":140,"column":4}},"141":{"start":{"line":142,"column":0},"end":{"line":142,"column":48}},"142":{"start":{"line":143,"column":0},"end":{"line":143,"column":44}},"143":{"start":{"line":144,"column":0},"end":{"line":144,"column":26}},"144":{"start":{"line":145,"column":0},"end":{"line":145,"column":23}},"145":{"start":{"line":146,"column":0},"end":{"line":146,"column":25}},"146":{"start":{"line":147,"column":0},"end":{"line":147,"column":24}},"147":{"start":{"line":148,"column":0},"end":{"line":148,"column":22}},"148":{"start":{"line":149,"column":0},"end":{"line":149,"column":6}},"149":{"start":{"line":150,"column":0},"end":{"line":150,"column":34}},"150":{"start":{"line":151,"column":0},"end":{"line":151,"column":4}},"152":{"start":{"line":153,"column":0},"end":{"line":153,"column":54}},"153":{"start":{"line":154,"column":0},"end":{"line":154,"column":44}},"154":{"start":{"line":155,"column":0},"end":{"line":155,"column":28}},"155":{"start":{"line":156,"column":0},"end":{"line":156,"column":34}},"156":{"start":{"line":157,"column":0},"end":{"line":157,"column":27}},"157":{"start":{"line":158,"column":0},"end":{"line":158,"column":23}},"158":{"start":{"line":159,"column":0},"end":{"line":159,"column":6}},"159":{"start":{"line":160,"column":0},"end":{"line":160,"column":36}},"160":{"start":{"line":161,"column":0},"end":{"line":161,"column":4}},"162":{"start":{"line":163,"column":0},"end":{"line":163,"column":18}},"163":{"start":{"line":164,"column":0},"end":{"line":164,"column":12}},"164":{"start":{"line":165,"column":0},"end":{"line":165,"column":80}},"165":{"start":{"line":166,"column":0},"end":{"line":166,"column":52}},"166":{"start":{"line":167,"column":0},"end":{"line":167,"column":12}},"168":{"start":{"line":169,"column":0},"end":{"line":169,"column":3}},"170":{"start":{"line":171,"column":0},"end":{"line":171,"column":30}},"171":{"start":{"line":172,"column":0},"end":{"line":172,"column":12}},"172":{"start":{"line":173,"column":0},"end":{"line":173,"column":80}},"173":{"start":{"line":174,"column":0},"end":{"line":174,"column":37}},"174":{"start":{"line":175,"column":0},"end":{"line":175,"column":92}},"175":{"start":{"line":176,"column":0},"end":{"line":176,"column":17}},"176":{"start":{"line":177,"column":0},"end":{"line":177,"column":53}},"177":{"start":{"line":178,"column":0},"end":{"line":178,"column":73}},"178":{"start":{"line":179,"column":0},"end":{"line":179,"column":11}},"180":{"start":{"line":181,"column":0},"end":{"line":181,"column":19}},"181":{"start":{"line":182,"column":0},"end":{"line":182,"column":14}},"182":{"start":{"line":183,"column":0},"end":{"line":183,"column":12}},"184":{"start":{"line":185,"column":0},"end":{"line":185,"column":3}},"186":{"start":{"line":187,"column":0},"end":{"line":187,"column":98}},"187":{"start":{"line":188,"column":0},"end":{"line":188,"column":48}},"188":{"start":{"line":189,"column":0},"end":{"line":189,"column":53}},"191":{"start":{"line":192,"column":0},"end":{"line":192,"column":50}},"192":{"start":{"line":193,"column":0},"end":{"line":193,"column":73}},"193":{"start":{"line":194,"column":0},"end":{"line":194,"column":65}},"194":{"start":{"line":195,"column":0},"end":{"line":195,"column":75}},"195":{"start":{"line":196,"column":0},"end":{"line":196,"column":44}},"196":{"start":{"line":197,"column":0},"end":{"line":197,"column":59}},"197":{"start":{"line":198,"column":0},"end":{"line":198,"column":63}},"198":{"start":{"line":199,"column":0},"end":{"line":199,"column":50}},"200":{"start":{"line":201,"column":0},"end":{"line":201,"column":10}},"201":{"start":{"line":202,"column":0},"end":{"line":202,"column":49}},"202":{"start":{"line":203,"column":0},"end":{"line":203,"column":41}},"204":{"start":{"line":205,"column":0},"end":{"line":205,"column":30}},"205":{"start":{"line":206,"column":0},"end":{"line":206,"column":17}},"206":{"start":{"line":207,"column":0},"end":{"line":207,"column":53}},"207":{"start":{"line":208,"column":0},"end":{"line":208,"column":91}},"208":{"start":{"line":209,"column":0},"end":{"line":209,"column":11}},"210":{"start":{"line":211,"column":0},"end":{"line":211,"column":19}},"211":{"start":{"line":212,"column":0},"end":{"line":212,"column":14}},"213":{"start":{"line":214,"column":0},"end":{"line":214,"column":71}},"215":{"start":{"line":216,"column":0},"end":{"line":216,"column":95}},"216":{"start":{"line":217,"column":0},"end":{"line":217,"column":62}},"217":{"start":{"line":218,"column":0},"end":{"line":218,"column":38}},"218":{"start":{"line":219,"column":0},"end":{"line":219,"column":56}},"219":{"start":{"line":220,"column":0},"end":{"line":220,"column":86}},"220":{"start":{"line":221,"column":0},"end":{"line":221,"column":21}},"221":{"start":{"line":222,"column":0},"end":{"line":222,"column":80}},"222":{"start":{"line":223,"column":0},"end":{"line":223,"column":49}},"223":{"start":{"line":224,"column"
[...]
6}},"123":{"start":{"line":124,"column":0},"end":{"line":124,"column":24}},"124":{"start":{"line":125,"column":0},"end":{"line":125,"column":22}},"125":{"start":{"line":126,"column":0},"end":{"line":126,"column":33}},"126":{"start":{"line":127,"column":0},"end":{"line":127,"column":35}},"127":{"start":{"line":128,"column":0},"end":{"line":128,"column":29}},"128":{"start":{"line":129,"column":0},"end":{"line":129,"column":238}},"129":{"start":{"line":130,"column":0},"end":{"line":130,"column":38}},"130":{"start":{"line":131,"column":0},"end":{"line":131,"column":45}},"131":{"start":{"line":132,"column":0},"end":{"line":132,"column":92}},"132":{"start":{"line":133,"column":0},"end":{"line":133,"column":18}},"133":{"start":{"line":134,"column":0},"end":{"line":134,"column":39}},"134":{"start":{"line":135,"column":0},"end":{"line":135,"column":82}},"136":{"start":{"line":137,"column":0},"end":{"line":137,"column":20}},"137":{"start":{"line":138,"column":0},"end":{"line":138,"column":19}},"138":{"start":{"line":139,"column":0},"end":{"line":139,"column":95}},"140":{"start":{"line":141,"column":0},"end":{"line":141,"column":24}},"141":{"start":{"line":142,"column":0},"end":{"line":142,"column":22}},"142":{"start":{"line":143,"column":0},"end":{"line":143,"column":32}},"143":{"start":{"line":144,"column":0},"end":{"line":144,"column":34}},"144":{"start":{"line":145,"column":0},"end":{"line":145,"column":29}},"145":{"start":{"line":146,"column":0},"end":{"line":146,"column":238}},"146":{"start":{"line":147,"column":0},"end":{"line":147,"column":35}},"147":{"start":{"line":148,"column":0},"end":{"line":148,"column":44}},"148":{"start":{"line":149,"column":0},"end":{"line":149,"column":91}},"149":{"start":{"line":150,"column":0},"end":{"line":150,"column":18}},"150":{"start":{"line":151,"column":0},"end":{"line":151,"column":38}},"151":{"start":{"line":152,"column":0},"end":{"line":152,"column":81}},"153":{"start":{"line":154,"column":0},"end":{"line":154,"column":20}},"154":{"start":{"line":155,"column":0},"end":{"line":155,"column":18}},"157":{"start":{"line":158,"column":0},"end":{"line":158,"column":17}},"158":{"start":{"line":159,"column":0},"end":{"line":159,"column":92}},"160":{"start":{"line":161,"column":0},"end":{"line":161,"column":22}},"161":{"start":{"line":162,"column":0},"end":{"line":162,"column":20}},"162":{"start":{"line":163,"column":0},"end":{"line":163,"column":29}},"163":{"start":{"line":164,"column":0},"end":{"line":164,"column":31}},"164":{"start":{"line":165,"column":0},"end":{"line":165,"column":31}},"165":{"start":{"line":166,"column":0},"end":{"line":166,"column":24}},"166":{"start":{"line":167,"column":0},"end":{"line":167,"column":236}},"167":{"start":{"line":168,"column":0},"end":{"line":168,"column":51}},"168":{"start":{"line":169,"column":0},"end":{"line":169,"column":41}},"169":{"start":{"line":170,"column":0},"end":{"line":170,"column":88}},"170":{"start":{"line":171,"column":0},"end":{"line":171,"column":16}},"171":{"start":{"line":172,"column":0},"end":{"line":172,"column":35}},"172":{"start":{"line":173,"column":0},"end":{"line":173,"column":78}},"174":{"start":{"line":175,"column":0},"end":{"line":175,"column":18}},"177":{"start":{"line":178,"column":0},"end":{"line":178,"column":17}},"178":{"start":{"line":179,"column":0},"end":{"line":179,"column":93}},"180":{"start":{"line":181,"column":0},"end":{"line":181,"column":22}},"181":{"start":{"line":182,"column":0},"end":{"line":182,"column":20}},"182":{"start":{"line":183,"column":0},"end":{"line":183,"column":30}},"183":{"start":{"line":184,"column":0},"end":{"line":184,"column":32}},"184":{"start":{"line":185,"column":0},"end":{"line":185,"column":31}},"185":{"start":{"line":186,"column":0},"end":{"line":186,"column":24}},"186":{"start":{"line":187,"column":0},"end":{"line":187,"column":236}},"187":{"start":{"line":188,"column":0},"end":{"line":188,"column":53}},"188":{"start":{"line":189,"column":0},"end":{"line":189,"column":42}},"189":{"start":{"line":190,"column":0},"end":{"line":190,"column":89}},"190":{"start":{"line":191,"column":0},"end":{"line":191,"column":16}},"191":{"start":{"line":192,"column":0},"end":{"line":192,"column":36}},"192":{"start":{"line":193,"column":0},"end":{"line":193,"column":79}},"194":{"start":{"line":195,"column":0},"end":{"line":195,"column":18}},"197":{"start":{"line":198,"column":0},"end":{"line":198,"column":17}},"198":{"start":{"line":199,"column":0},"end":{"line":199,"column":88}},"200":{"start":{"line":201,"column":0},"end":{"line":201,"column":22}},"201":{"start":{"line":202,"column":0},"end":{"line":202,"column":21}},"202":{"start":{"line":203,"column":0},"end":{"line":203,"column":25}},"203":{"start":{"line":204,"column":0},"end":{"line":204,"column":27}},"204":{"start":{"line":205,"column":0},"end":{"line":205,"column":24}},"205":{"start":{"line":206,"column":0},"end":{"line":206,"column":184}},"206":{"start":{"line":207,"column":0},"end":{"line":207,"column":37}},"207":{"start":{"line":208,"column":0},"end":{"line":208,"column":118}},"209":{"start":{"line":210,"column":0},"end":{"line":210,"column":59}},"210":{"start":{"line":211,"column":0},"end":{"line":211,"column":46}},"211":{"start":{"line":212,"column":0},"end":{"line":212,"column":56}},"212":{"start":{"line":213,"column":0},"end":{"line":213,"column":23}},"213":{"start":{"line":214,"column":0},"end":{"line":214,"column":31}},"214":{"start":{"line":215,"column":0},"end":{"line":215,"column":74}},"216":{"start":{"line":217,"column":0},"end":{"line":217,"column":18}},"219":{"start":{"line":220,"column":0},"end":{"line":220,"column":17}},"220":{"start":{"line":221,"column":0},"end":{"line":221,"column":89}},"222":{"start":{"line":223,"column":0},"end":{"line":223,"column":22}},"223":{"start":{"line":224,"column":0},"end":{"line":224,"column":20}},"224":{"start":{"line":225,"column":0},"end":{"line":225,"column":26}},"225":{"start":{"line":226,"column":0},"end":{"line":226,"column":28}},"226":{"start":{"line":227,"column":0},"end":{"line":227,"column":26}},"227":{"start":{"line":228,"column":0},"end":{"line":228,"column":236}},"228":{"start":{"line":229,"column":0},"end":{"line":229,"column":47}},"229":{"start":{"line":230,"column":0},"end":{"line":230,"column":38}},"230":{"start":{"line":231,"column":0},"end":{"line":231,"column":85}},"231":{"start":{"line":232,"column":0},"end":{"line":232,"column":16}},"232":{"start":{"line":233,"column":0},"end":{"line":233,"column":32}},"233":{"start":{"line":234,"column":0},"end":{"line":234,"column":75}},"235":{"start":{"line":236,"column":0},"end":{"line":236,"column":18}},"238":{"start":{"line":239,"column":0},"end":{"line":239,"column":73}},"239":{"start":{"line":240,"column":0},"end":{"line":240,"column":19}},"240":{"start":{"line":241,"column":0},"end":{"line":241,"column":93}},"242":{"start":{"line":243,"column":0},"end":{"line":243,"column":24}},"243":{"start":{"line":244,"column":0},"end":{"line":244,"column":22}},"244":{"start":{"line":245,"column":0},"end":{"line":245,"column":30}},"245":{"start":{"line":246,"column":0},"end":{"line":246,"column":32}},"246":{"start":{"line":247,"column":0},"end":{"line":247,"column":29}},"247":{"start":{"line":248,"column":0},"end":{"line":248,"column":238}},"248":{"start":{"line":249,"column":0},"end":{"line":249,"column":51}},"249":{"start":{"line":250,"column":0},"end":{"line":250,"column":42}},"250":{"start":{"line":251,"column":0},"end":{"line":251,"column":89}},"251":{"start":{"line":252,"column":0},"end":{"line":252,"column":18}},"252":{"start":{"line":253,"column":0},"end":{"line":253,"column":36}},"253":{"start":{"line":254,"column":0},"end":{"line":254,"column":79}},"255":{"start":{"line":256,"column":0},"end":{"line":256,"column":20}},"257":{"start":{"line":258,"column":0},"end":{"line":258,"column":16}},"259":{"start":{"line":260,"column":0},"end":{"line":260,"column":15}},"260":{"start":{"line":261,"column":0},"end":{"line":261,"column":19}},"261":{"start":{"line":262,"column":0},"end":{"line":262,"column":27}},"262":{"start":{"line":263,"column":0},"end":{"line":263,"column":32}},"263":{"start":{"line":264,"column":0},"end":{"line":264,"column":273}},"265":{"start":{"line":266,"column":0},"end":{"line":266,"column":58}},"266":{"start":{"line":267,"column":0},"end":{"line":267,"column":21}},"267":{"start":{"line":268,"column":0},"end":{"line":268,"column":16}},"269":{"start":{"line":270,"column":0},"end":{"line":270,"column":39}},"270":{"start":{"line":271,"column":0},"end":{"line":271,"column":49}},"271":{"start":{"line":272,"column":0},"end":{"line":272,"column":35}},"272":{"start":{"line":273,"column":0},"end":{"line":273,"column":94}},"274":{"start":{"line":275,"column":0},"end":{"line":275,"column":21}},"275":{"start":{"line":276,"column":0},"end":{"line":276,"column":16}},"276":{"start":{"line":277,"column":0},"end":{"line":277,"column":16}},"277":{"start":{"line":278,"column":0},"end":{"line":278,"column":15}},"278":{"start":{"line":279,"column":0},"end":{"line":279,"column":12}},"279":{"start":{"line":280,"column":0},"end":{"line":280,"column":10}},"281":{"start":{"line":282,"column":0},"end":{"line":282,"column":1}}},"s":{"0":0,"1":1,"2":1,"4":292,"5":292,"6":292,"7":292,"8":292,"9":292,"10":292,"11":292,"12":292,"13":292,"14":292,"15":292,"16":292,"17":292,"18":292,"19":292,"21":292,"22":6,"23":6,"24":6,"27":6,"28":1,"29":1,"30":1,"32":6,"33":1,"34":1,"35":1,"37":4,"39":4,"40":4,"41":1,"42":6,"43":2,"44":2,"45":2,"47":1,"48":1,"49":1,"50":1,"51":2,"52":0,"53":0,"54":6,"55":3,"56":3,"57":6,"59":292,"60":292,"61":292,"62":292,"63":292,"65":292,"66":292,"68":292,"69":292,"70":292,"71":292,"72":3,"73":3,"74":3,"77":292,"79":292,"80":292,"82":292,"83":292,"84":292,"85":292,"86":292,"87":292,"88":292,"89":292,"90":292,"91":292,"92":292,"93":292,"94":1,"96":292,"99":292,"100":292,"102":292,"103":292,"104":292,"105":292,"106":292,"107":292,"108":292,"109":292,"110":292,"111":292,"112":292,"113":292,"114":1,"116":292,"119":292,"120":292,"121":292,"123":292,"124":292,"125":292,"126":292,"127":292,"128":292,"129":292,"130":292,"131":292,"132":292,"133":292,"134":0,"136":292,"137":292,"138":292,"140":292,"141":292,"142":292,"143":292,"144":292,"145":292,"146":292,"147":292,"148":292,"149":292,"150":292,"151":0,"153":292,"154":292,"157":292,"158":292,"160":292,"161":292,"162":292,"163":292,"164":292,"165":292,"166":292,"167":292,"168":292,"169":292,"170":292,"171":292,"172":0,"174":292,"177":292,"178":292,"180":292,"181":292,"182":292,"183":292,"184":292,"185":292,"186":292,"187":292,"188":292,"189":292,"190":292,"191":292,"192":0,"194":292,"197":292,"198":292,"200":292,"201":292,"202":292,"203":292,"204":292,"205":292,"206":292,"207":292,"209":292,"210":292,"211":292,"212":292,"213":292,"214":0,"216":292,"219":292,"220":292,"222":292,"223":292,"224":292,"225":292,"226":292,"227":292,"228":292,"229":292,"230":292,"231":292,"232":292,"233":0,"235":292,"238":292,"239":2,"240":2,"242":2,"243":2,"244":2,"245":2,"246":2,"247":2,"248":2,"249":2,"250":2,"251":2,"252":2,"253":0,"255":2,"257":292,"259":292,"260":292,"261":292,"262":292,"263":292,"265":292,"266":292,"267":292,"269":292,"270":292,"271":292,"272":292,"274":292,"275":292,"276":292,"277":292,"278":292,"279":292,"281":292},"branchMap":{"0":{"type":"branch","line":1,"loc":{"start":{"line":1,"column":0},"end":{"line":1,"column":33}},"locations":[{"start":{"line":1,"column":0},"end":{"line":1,"column":33}}]},"1":{"type":"branch","line":1,"loc":{"start":{"line":1,"column":0},"end":{"line":1,"column":33}},"locations":[{"start":{"line":1,"column":0},"end":{"line":1,"column":33}}]},"2":{"type":"branch","line":5,"loc":{"start":{"line":5,"column":0},"end":{"line":282,"column":1}},"locations":[{"start":{"line":5,"column":0},"end":{"line":282,"column":1}}]},"3":{"type":"branch","line":72,"loc":{"start":{"line":72,"column":11},"end":{"line":75,"column":18}},"locations":[{"start":{"line":72,"column":11},"end":{"line":75,"column":18}}]},"4":{"type":"branch","line":94,"loc":{"start":{"line":94,"column":22},"end":{"line":95,"column":78}},"locations":[{"start":{"line":94,"column":22},"end":{"line":95,"column":78}}]},"5":{"type":"branch","line":114,"loc":{"start":{"line":114,"column":22},"end":{"line":115,"column":75}},"locations":[{"start":{"line":114,"column":22},"end":{"line":115,"column":75}}]},"6":{"type":"branch","line":134,"loc":{"start":{"line":134,"column":24},"end":{"line":135,"column":82}},"locations":[{"start":{"line":134,"column":24},"end":{"line":135,"column":82}}]},"7":{"type":"branch","line":151,"loc":{"start":{"line":151,"column":24},"end":{"line":152,"column":81}},"locations":[{"start":{"line":151,"column":24},"end":{"line":152,"column":81}}]},"8":{"type":"branch","line":172,"loc":{"start":{"line":172,"column":22},"end":{"line":173,"column":78}},"locations":[{"start":{"line":172,"column":22},"end":{"line":173,"column":78}}]},"9":{"type":"branch","line":192,"loc":{"start":{"line":192,"column":22},"end":{"line":193,"column":79}},"locations":[{"start":{"line":192,"column":22},"end":{"line":193,"column":79}}]},"10":{"type":"branch","line":214,"loc":{"start":{"line":214,"column":22},"end":{"line":215,"column":74}},"locations":[{"start":{"line":214,"column":22},"end":{"line":215,"column":74}}]},"11":{"type":"branch","line":233,"loc":{"start":{"line":233,"column":22},"end":{"line":234,"column":75}},"locations":[{"start":{"line":233,"column":22},"end":{"line":234,"column":75}}]},"12":{"type":"branch","line":239,"loc":{"start":{"line":239,"column":32},"end":{"line":239,"column":73}},"locations":[{"start":{"line":239,"column":32},"end":{"line":239,"column":73}}]},"13":{"type":"branch","line":239,"loc":{"start":{"line":239,"column":58},"end":{"line":256,"column":20}},"locations":[{"start":{"line":239,"column":58},"end":{"line":256,"column":20}}]},"14":{"type":"branch","line":253,"loc":{"start":{"line":253,"column":24},"end":{"line":254,"column":79}},"locations":[{"start":{"line":253,"column":24},"end":{"line":254,"column":79}}]},"15":{"type":"branch","line":266,"loc":{"start":{"line":266,"column":15},"end":{"line":266,"column":44}},"locations":[{"start":{"line":266,"column":15},"end":{"line":266,"column":44}}]},"16":{"type":"branch","line":266,"loc":{"start":{"line":266,"column":25},"end":{"line":266,"column":58}},"locations":[{"start":{"line":266,"column":25},"end":{"line":266,"column":58}}]},"17":{"type":"branch","line":22,"loc":{"start":{"line":22,"column":23},"end":{"line":58,"column":4}},"locations":[{"start":{"line":22,"column":23},"end":{"line":58,"column":4}}]},"18":{"type":"branch","line":28,"loc":{"start":{"line":28,"column":50},"end":{"line":31,"column":5}},"locations":[{"start":{"line":28,"column":50},"end":{"line":31,"column":5}}]},"19":{"type":"branch","line":31,"loc":{"start":{"line":31,"column":4},"end":{"line":33,"column":38}},"locations":[{"start":{"line":31,"column":4},"end":{"line":33,"column":38}}]},"20":{"type":"branch","line":33,"loc":{"start":{"line":33,"column":38},"end":{"line":36,"column":5}},"locations":[{"start":{"line":33,"column":38},"end":{"line":36,"column":5}}]},"21":{"type":"branch","line":36,"loc":{"start":{"line":36,"column":4},"end":{"line":41,"column":43}},"locations":[{"start":{"line":36,"column":4},"end":{"line":41,"column":43}}]},"22":{"type":"branch","line":41,"loc":{"start":{"line":41,"column":41},"end":{"line":43,"column":13}},"locations":[{"start":{"line":41,"column":41},"end":{"line":43,"column":13}}]},"23":{"type":"branch","line":43,"loc":{"start":{"line":43,"column":4},"end":{"line":55,"column":6}},"locations":[{"start":{"line":43,"column":4},"end":{"line":55,"column":6}}]},"24":{"type":"branch","line":46,"loc":{"start":{"line":46,"column":53},"end":{"line":51,"column":9}},"locations":[{"start":{"line":46,"column":53},"end":{"line":51,"column":9}}]},"25":{"type":"branch","line":50,"loc":{"start":{"line":50,"column":24},"end":{"line":50,"column":49}},"locations":[{"start":{"line":50,"column":24},"end":{"line":50,"column":49}}]},"26":{"type":"branch","line":50,"loc":{"start":{"line":50,"column":38},"end":{"line":50,"column":80}},"locations":[{"start":{"line":50,"column":38},"end":{"line":50,"column":80}}]},"27":{"type":"branch","line":52,"loc":{"start":{"line":52,"column":6},"end":{"line":54,"column":7}},"locations":[{"start":{"line":52,"column":6},"end":{"line":54,"column":7}}]},"28":{"type":"branch","line":55,"loc":{"start":{"line":55,"column":4},"end":{"line":57,"column":5}},"locations":[{"start":{"line":55,"column":4},"end":{"line":57,"column":5}}]},"29":{"type":"branch","line":92,"loc":{"start":{"line":92,"column":26},"end":{"line":92,"column":88}},"locations":[{"start":{"line":92,"column":26},"end":{"line":92,"column":88}}]},"30":{"type":"branch","line":112,"loc":{"start":{"line":112,"column":26},"end":{"line":112,"column":85}},"locations":[{"start":{"line":112,"column":26},"end":{"line":112,"column":85}}]},"31":{"type":"branch","line":170,"loc":{"start":{"line":170,"column":26},"end":{"line":170,"column":88}},"locations":[{"start":{"line":170,"column":26},"end":{"line":170,"column":88}}]},"32":{"type":"branch","line":190,"loc":{"start":{"line":190,"column":26},"end":{"line":190,"column":89}},"locations":[{"start":{"line":190,"column":26},"end":{"line":190,"column":89}}]},"33":{"type":"branch","line":208,"loc":{"start":{"line":208,"column":26},"end":{"line":208,"column":118}},"locations":[{"start":{"line":208,"column":26},"end":{"line":208,"column":118}}]}},"b":{"0":[15],"1":[0],"2":[292],"3":[3],"4":[1],"5":[1],"6":[0],"7":[0],"8":[0],"9":[0],"10":[0],"11":[0],"12":[291],"13":[2],"14":[0],"15":[4],"16":[288],"17":[6],"18":[1],"19":[5],"20":[1],"21":[4],"22":[1],"23":[2],"24":[1],"25":[0],"26":[0],"27":[0],"28":[3],"29":[52],"30":[100],"31":[60],"32":[58],"33":[2]},"fnMap":{"0":{"name":"get","decl":{"start":{"line":1,"column":0},"end":{"line":1,"column":33}},"loc":{"start":{"line":1,"column":0},"end":{"line":1,"column":33}},"line":1},"1":{"name":"Register","decl":{"start":{"line":5,"column":0},"end":{"line":282,"column":1}},"loc":{"start":{"line":5,"column":0},"end":{"line":282,"column":1}},"line":5},"2":{"name":"handleSubmit","decl":{"start":{"line":22,"column":23},"end":{"line":58,"column":4}},"loc":{"start":{"line":22,"column":23},"end":{"line":58,"column":4}},"line":22},"3":{"name":"onChange","decl":{"start":{"line":92,"column":26},"end":{"line":92,"column":88}},"loc":{"start":{"line":92,"column":26},"end":{"line":92,"column":88}},"line":92},"4":{"name":"onChange","decl":{"start":{"line":112,"column":26},"end":{"line":112,"column":85}},"loc":{"start":{"line":112,"column":26},"end":{"line":112,"column":85}},"line":112},"5":{"name":"onChange","decl":{"start":{"line":132,"column":28},"end":{"line":132,"column":92}},"loc":{"start":{"line":132,"column":28},"end":{"line":132,"column":92}},"line":132},"6":{"name":"onChange","decl":{"start":{"line":149,"column":28},"end":{"line":149,"column":91}},"loc":{"start":{"line":149,"column":28},"end":{"line":149,"column":91}},"line":149},"7":{"name":"onChange","decl":{"start":{"line":170,"column":26},"end":{"line":170,"column":88}},"loc":{"start":{"line":170,"column":26},"end":{"line":170,"column":88}},"line":170},"8":{"name":"onChange","decl":{"start":{"line":190,"column":26},"end":{"line":190,"column":89}},"loc":{"start":{"line":190,"column":26},"end":{"line":190,"column":89}},"line":190},"9":{"name":"onChange","decl":{"start":{"line":208,"column":26},"end":{"line":208,"column":118}},"loc":{"start":{"line":208,"column":26},"end":{"line":208,"column":118}},"line":208},"10":{"name":"onChange","decl":{"start":{"line":231,"column":26},"end":{"line":231,"column":85}},"loc":{"start":{"line":231,"column":26},"end":{"line":231,"column":85}},"line":231},"11":{"name":"onChange","decl":{"start":{"line":251,"column":28},"end":{"line":251,"column":89}},"loc":{"start":{"line":251,"column":28},"end":{"line":251,"column":89}},"line":251}},"f":{"0":15,"1":292,"2":6,"3":52,"4":100,"5":0,"6":0,"7":60,"8":58,"9":2,"10":0,"11":0}}
}
